[2025-05-06 05:58:31] 
[2025-05-06 05:58:52] 
[2025-05-06 06:17:24] {"key1":"exampleKey","key2":"exampleValue","number":123}
[2025-05-06 06:18:12] {"username":"exampleKey","password":"exampleValue","number":123}
[2025-05-06 06:18:34] {"username":"tyrone@gmail.com","password":"exampleValue","number":123}
[2025-05-06 06:29:55] 
[2025-05-06 06:50:30] 
[2025-05-06 06:50:32] {"password":"dark","notificationsEnabled":true,"fontSize":12,"username":"dark"}
[2025-05-06 06:50:38] {"password":"dark","notificationsEnabled":true,"fontSize":12,"username":"dark"}
[2025-05-06 06:51:06] 
[2025-05-06 06:51:07] {"password":"dark","notificationsEnabled":true,"fontSize":12,"username":"dark"}
[2025-05-06 06:51:14] 
[2025-05-06 06:51:33] {"password":"dark","notificationsEnabled":true,"fontSize":12,"username":"dark"}
[2025-05-06 06:52:21] {"password":"password","notificationsEnabled":true,"fontSize":12,"username":"tyronem@gmail.com"}
[2025-05-06 06:52:41] {"password":"password1","notificationsEnabled":true,"fontSize":12,"username":"tyronem@gmail.com"}
[2025-05-06 06:55:52] {"password":"password1","notificationsEnabled":true,"fontSize":12,"username":"tyronem@gmail.com"}
[2025-05-06 06:58:41] {"password":"password1","notificationsEnabled":true,"fontSize":12,"username":"tyronem@gmail.com"}
[2025-05-06 06:59:09] {"password":"password1","notificationsEnabled":true,"fontSize":12,"username":"tyronem@gmail.com"}
[2025-05-06 06:59:38] {"password":"password1","notificationsEnabled":true,"fontSize":12,"username":"tyronem@gmail.com"}
[2025-05-06 07:00:12] {"password":"password1","notificationsEnabled":true,"fontSize":12,"username":"tyronem@gmail.com"}
[2025-05-06 07:00:41] {"password":"password1","notificationsEnabled":true,"fontSize":12,"username":"tyronem@gmail.com"}
[2025-05-06 07:01:50] {"password":"password1","notificationsEnabled":true,"fontSize":12,"username":"tyronem@gmail.com"}
[2025-05-06 07:04:05] {"password":"sdasd","notificationsEnabled":true,"fontSize":12,"username":"yro@gmail.com"}
[2025-05-06 07:04:42] {"password":"password","notificationsEnabled":true,"fontSize":12,"username":"tyronem@gmail.com"}
[2025-05-06 07:04:48] {"password":"passwor","notificationsEnabled":true,"fontSize":12,"username":"tyronem@gmail.com"}
[2025-05-06 07:12:31] {"password":"adsd","notificationsEnabled":true,"fontSize":12,"username":"tyrone"}
[2025-05-06 07:16:53] {"password":"pasword","notificationsEnabled":true,"fontSize":12,"username":"tyronem@gmail.com"}
[2025-05-06 07:23:53] {"password":"sad","notificationsEnabled":true,"fontSize":12,"username":"tyrone@fms"}
[2025-05-06 07:24:03] {"password":"sad","notificationsEnabled":true,"fontSize":12,"username":"tyrone@gg"}
[2025-05-06 07:24:41] {"password":"adas","notificationsEnabled":true,"fontSize":12,"username":"tyroe"}
[2025-05-06 07:25:41] {"password":"das","notificationsEnabled":true,"fontSize":12,"username":"sdf"}
[2025-05-06 07:27:18] {"password":"ed","notificationsEnabled":true,"fontSize":12,"username":"d"}
[2025-05-06 07:27:50] {"password":"pasword","notificationsEnabled":true,"fontSize":12,"username":"tyronem@gmail.com"}
[2025-05-06 07:27:58] {"password":"password","notificationsEnabled":true,"fontSize":12,"username":"tyronem@gmail.com"}
[2025-05-06 07:31:31] {"password":"dasd","notificationsEnabled":true,"fontSize":12,"username":"dad"}
[2025-05-06 07:32:46] {"password":"dasd","notificationsEnabled":true,"fontSize":12,"username":"dasd"}
[2025-05-06 07:33:06] {"password":"dadas","notificationsEnabled":true,"fontSize":12,"username":"adasd"}
[2025-05-06 07:33:49] {"password":"dqd","notificationsEnabled":true,"fontSize":12,"username":"adas"}
[2025-05-06 07:33:55] {"password":"dqd","notificationsEnabled":true,"fontSize":12,"username":"adas"}
[2025-05-06 07:34:05] {"password":"","notificationsEnabled":true,"fontSize":12,"username":"adas"}
[2025-05-06 07:34:20] {"password":"password","notificationsEnabled":true,"fontSize":12,"username":"tyrone"}
[2025-05-06 07:34:28] {"password":"password","notificationsEnabled":true,"fontSize":12,"username":"tyronem@gmail.com"}
[2025-05-06 07:35:02] {"password":"password","notificationsEnabled":true,"fontSize":12,"username":"tyronem@gmail.com"}
[2025-05-06 08:56:43] {"password":"password","notificationsEnabled":true,"fontSize":12,"username":"tyronem@gmail.com"}
[2025-05-06 09:02:16] {"password":"","notificationsEnabled":true,"fontSize":12,"username":"tyr"}
[2025-05-06 09:02:24] {"password":"","notificationsEnabled":true,"fontSize":12,"username":"tyr"}
[2025-05-06 09:07:49] {"password":"passsword","notificationsEnabled":true,"fontSize":12,"username":"tyronem@gmail.com"}
[2025-05-06 09:07:54] {"password":"password","notificationsEnabled":true,"fontSize":12,"username":"tyronem@gmail.com"}
[2025-05-06 09:08:40] {"password":"password","notificationsEnabled":true,"fontSize":12,"username":"tyronem@gmail.com"}
[2025-05-06 09:09:40] {"password":"password","notificationsEnabled":true,"fontSize":12,"username":"tyronem@gmail.com"}
[2025-05-06 09:11:24] {"password":"password","notificationsEnabled":true,"fontSize":12,"username":"tyronem@gmail.com"}
[2025-05-06 09:11:56] {"password":"password","notificationsEnabled":true,"fontSize":12,"username":"tyronem@gmail.com"}
[2025-05-06 09:13:22] {"password":"password","notificationsEnabled":true,"fontSize":12,"username":"tyronem@gmail.com"}
[2025-05-06 09:14:49] has it
[2025-05-06 12:23:20] TLM-1143137101
