success: (4D7XS) [2025-05-13 11:41:13] select * from users where username = 'tyronem@gmail.com' and password = 'password'
success: (QIS3A) [2025-05-13 11:41:17] INSERT INTO login_logs (user, lat, `long`, device, location, date_log) VALUES ('TLM-1143137101', 10.169497, 122.858994, 'Manufacturer  
LENOVO Model  
82TT', 'Asia PH Negros Occidental Himamaylan', '2025-05-13 11:41:17')
success: (R27LC) [2025-05-13 11:41:19] select * from theme where id = 1
success: (C4KZL) [2025-05-13 11:41:19] SELECT * FROM coursemajor WHERE status = 1 order by course, major, year, section
success: (VRU7X) [2025-05-13 11:41:19] SELECT u.id, u.username, u.`password`,u.coursemajor 'cmajor', u.firstname, u.lastname, u.middlename, u.birthdate,u.`status` 'userstat', u.phone, u.address,u.img, c.id 'cid', c.course,c.major,c.`year`,c.section,c.`status` FROM users u, coursemajor c WHERE u.coursemajor = c.id  and u.type = 'student' ORDER BY u.createdate desc 
success: (ZHMYL) [2025-05-13 11:41:20] update theme set theme = 'theme16' where id = 1
success: (SXV3H) [2025-05-13 11:41:55] select * from teachers
success: (HUPLR) [2025-05-13 11:41:55] select * from theme where id = 1
success: (ZNSX7) [2025-05-13 11:41:56] update theme set theme = 'theme16' where id = 1
success: (V1IFU) [2025-05-13 11:42:00] update teachers set status = 0 where id = 1
success: (QVTWJ) [2025-05-13 11:42:01] select * from teachers
success: (6TDZL) [2025-05-13 11:42:01] select * from theme where id = 1
success: (TZ7RC) [2025-05-13 11:42:02] update theme set theme = 'theme16' where id = 1
success: (ID67S) [2025-05-13 11:42:05] update teachers set status = 1 where id = 1
success: (FD17Q) [2025-05-13 11:42:06] select * from teachers
success: (DEZFO) [2025-05-13 11:42:06] select * from theme where id = 1
success: (4CIJ1) [2025-05-13 11:42:06] update theme set theme = 'theme16' where id = 1
success: (J63M7) [2025-05-13 11:42:11] SELECT * FROM coursemajor WHERE status = 1 order by course, major, year, section
success: (DMKGH) [2025-05-13 11:42:11] select * from theme where id = 1
success: (7LPAY) [2025-05-13 11:42:12] update theme set theme = 'theme16' where id = 1
success: (34C8Y) [2025-05-13 11:42:15] SELECT a.id, s.id 'subjectid', t.id 'teacherid', c.id 'courseid', c.course,c.major, c.`year`,a.`status` 'astatus', c.section, t.firstname, t.lastname, s.`subject`, s.`description`, a.date_createdd,a.date_modifieds  FROM assignment a LEFT join coursemajor c ON a.coursemajor = c.id LEFT join `subject` s ON a.`subject` = s.id LEFT join teachers t ON a.teacher = t.id WHERE  c.`status` = 1 and c.id = 5 ORDER BY c.course, c.major, c.`year`, c.section
success: (XUSG4) [2025-05-13 11:42:18] SELECT a.id, s.id 'subjectid', t.id 'teacherid', c.id 'courseid', c.course,c.major, c.`year`,a.`status` 'astatus', c.section, t.firstname, t.lastname, s.`subject`, s.`description`, a.date_createdd,a.date_modifieds  FROM assignment a LEFT join coursemajor c ON a.coursemajor = c.id LEFT join `subject` s ON a.`subject` = s.id LEFT join teachers t ON a.teacher = t.id WHERE  c.`status` = 1 and c.id = 1 ORDER BY c.course, c.major, c.`year`, c.section
success: (YF78V) [2025-05-13 11:42:20] select * from teachers where status = 1
success: (JGU7Q) [2025-05-13 11:45:55] SELECT * FROM coursemajor WHERE status = 1 order by course, major, year, section
success: (HW3EV) [2025-05-13 11:45:55] select * from theme where id = 1
success: (1MD24) [2025-05-13 11:45:55] update theme set theme = 'theme16' where id = 1
success: (L3DZP) [2025-05-13 11:46:16] SELECT * FROM coursemajor WHERE status = 1 order by course, major, year, section
success: (P48IS) [2025-05-13 11:46:16] select * from theme where id = 1
success: (UXRN5) [2025-05-13 11:46:16] update theme set theme = 'theme16' where id = 1
success: (DZEVY) [2025-05-13 11:46:18] SELECT a.id, s.id 'subjectid', t.id 'teacherid', c.id 'courseid', c.course,c.major, c.`year`,a.`status` 'astatus', c.section, t.firstname, t.lastname, s.`subject`, s.`description`, a.date_createdd,a.date_modifieds  FROM assignment a LEFT join coursemajor c ON a.coursemajor = c.id LEFT join `subject` s ON a.`subject` = s.id LEFT join teachers t ON a.teacher = t.id WHERE  c.`status` = 1 and c.id = 5 ORDER BY c.course, c.major, c.`year`, c.section
success: (Y7UT3) [2025-05-13 11:46:20] SELECT a.id, s.id 'subjectid', t.id 'teacherid', c.id 'courseid', c.course,c.major, c.`year`,a.`status` 'astatus', c.section, t.firstname, t.lastname, s.`subject`, s.`description`, a.date_createdd,a.date_modifieds  FROM assignment a LEFT join coursemajor c ON a.coursemajor = c.id LEFT join `subject` s ON a.`subject` = s.id LEFT join teachers t ON a.teacher = t.id WHERE  c.`status` = 1 and c.id = 1 ORDER BY c.course, c.major, c.`year`, c.section
success: (16MIK) [2025-05-13 11:46:34] SELECT * FROM coursemajor WHERE status = 1 order by course, major, year, section
success: (JIZMH) [2025-05-13 11:46:34] select * from theme where id = 1
success: (K9DBG) [2025-05-13 11:46:35] update theme set theme = 'theme16' where id = 1
success: (RJC53) [2025-05-13 11:46:38] SELECT a.id, s.id 'subjectid', t.id 'teacherid', c.id 'courseid', c.course,c.major, c.`year`,a.`status` 'astatus', c.section, t.firstname, t.lastname, s.`subject`, s.`description`, a.date_createdd,a.date_modifieds  FROM assignment a LEFT join coursemajor c ON a.coursemajor = c.id LEFT join `subject` s ON a.`subject` = s.id LEFT join teachers t ON a.teacher = t.id WHERE  c.`status` = 1 and c.id = 1 ORDER BY c.course, c.major, c.`year`, c.section
success: (7OFL1) [2025-05-13 11:50:07] SELECT * FROM coursemajor WHERE status = 1 order by course, major, year, section
success: (LV32Z) [2025-05-13 11:50:07] select * from theme where id = 1
success: (WP8IO) [2025-05-13 11:50:08] update theme set theme = 'theme16' where id = 1
success: (R8WUP) [2025-05-13 11:50:10] SELECT a.id, s.id 'subjectid', t.id 'teacherid', c.id 'courseid', c.course,c.major, c.`year`,a.`status` 'astatus', c.section, t.firstname, t.lastname, s.`subject`, s.`description`, a.date_createdd,a.date_modifieds  FROM assignment a LEFT join coursemajor c ON a.coursemajor = c.id LEFT join `subject` s ON a.`subject` = s.id LEFT join teachers t ON a.teacher = t.id WHERE  c.`status` = 1 and c.id = 1 ORDER BY c.course, c.major, c.`year`, c.section
success: (L5ICD) [2025-05-13 11:51:17] SELECT * FROM coursemajor WHERE status = 1 order by course, major, year, section
success: (SBYEI) [2025-05-13 11:51:17] select * from theme where id = 1
success: (8P4TN) [2025-05-13 11:51:18] update theme set theme = 'theme16' where id = 1
success: (RH2JB) [2025-05-13 11:51:20] SELECT a.id, s.id 'subjectid', t.id 'teacherid', c.id 'courseid', c.course,c.major, c.`year`,a.`status` 'astatus', c.section, t.firstname, t.lastname, s.`subject`, s.`description`, a.date_createdd,a.date_modifieds  FROM assignment a LEFT join coursemajor c ON a.coursemajor = c.id LEFT join `subject` s ON a.`subject` = s.id LEFT join teachers t ON a.teacher = t.id WHERE  c.`status` = 1 and c.id = 1 ORDER BY c.course, c.major, c.`year`, c.section
success: (M2XLK) [2025-05-13 11:51:51] SELECT a.id, s.id 'subjectid', t.id 'teacherid', c.id 'courseid', c.course,c.major, c.`year`,a.`status` 'astatus', c.section, t.firstname, t.lastname, s.`subject`, s.`description`, a.date_createdd,a.date_modifieds  FROM assignment a LEFT join coursemajor c ON a.coursemajor = c.id LEFT join `subject` s ON a.`subject` = s.id LEFT join teachers t ON a.teacher = t.id WHERE  c.`status` = 1 and c.id = 2 ORDER BY c.course, c.major, c.`year`, c.section
success: (1ORLC) [2025-05-13 11:51:55] SELECT a.id, s.id 'subjectid', t.id 'teacherid', c.id 'courseid', c.course,c.major, c.`year`,a.`status` 'astatus', c.section, t.firstname, t.lastname, s.`subject`, s.`description`, a.date_createdd,a.date_modifieds  FROM assignment a LEFT join coursemajor c ON a.coursemajor = c.id LEFT join `subject` s ON a.`subject` = s.id LEFT join teachers t ON a.teacher = t.id WHERE  c.`status` = 1 and c.id = 1 ORDER BY c.course, c.major, c.`year`, c.section
success: (9GE1M) [2025-05-13 11:52:20] SELECT * FROM coursemajor WHERE status = 1 order by course, major, year, section
success: (56EYF) [2025-05-13 11:52:20] select * from theme where id = 1
success: (TXN2Q) [2025-05-13 11:52:21] update theme set theme = 'theme16' where id = 1
success: (HEBXF) [2025-05-13 11:52:24] SELECT a.id, s.id 'subjectid', t.id 'teacherid', c.id 'courseid', c.course,c.major, c.`year`,a.`status` 'astatus', c.section, t.firstname, t.lastname, s.`subject`, s.`description`, a.date_createdd,a.date_modifieds  FROM assignment a LEFT join coursemajor c ON a.coursemajor = c.id LEFT join `subject` s ON a.`subject` = s.id LEFT join teachers t ON a.teacher = t.id WHERE  c.`status` = 1 and c.id = 1 ORDER BY c.course, c.major, c.`year`, c.section
success: (5XQ8J) [2025-05-13 11:52:46] SELECT * FROM coursemajor WHERE status = 1 order by course, major, year, section
success: (QLH4Z) [2025-05-13 11:52:46] select * from theme where id = 1
success: (LFN2Z) [2025-05-13 11:52:47] update theme set theme = 'theme16' where id = 1
success: (HC7T9) [2025-05-13 11:52:49] SELECT a.id, s.id 'subjectid', t.id 'teacherid', c.id 'courseid', c.course,c.major, c.`year`,a.`status` 'astatus', c.section, t.firstname, t.lastname, s.`subject`, s.`description`, a.date_createdd,a.date_modifieds  FROM assignment a LEFT join coursemajor c ON a.coursemajor = c.id LEFT join `subject` s ON a.`subject` = s.id LEFT join teachers t ON a.teacher = t.id WHERE  c.`status` = 1 and c.id = 1 ORDER BY c.course, c.major, c.`year`, c.section
success: (Z6PY4) [2025-05-13 11:53:43] SELECT * FROM coursemajor WHERE status = 1 order by course, major, year, section
success: (B4WEU) [2025-05-13 11:53:43] select * from theme where id = 1
success: (6DOXG) [2025-05-13 11:53:43] update theme set theme = 'theme16' where id = 1
success: (HK78W) [2025-05-13 11:53:46] SELECT a.id, s.id 'subjectid', t.id 'teacherid', c.id 'courseid', c.course,c.major, c.`year`,a.`status` 'astatus', c.section, t.firstname, t.lastname, s.`subject`, s.`description`, a.date_createdd,a.date_modifieds  FROM assignment a LEFT join coursemajor c ON a.coursemajor = c.id LEFT join `subject` s ON a.`subject` = s.id LEFT join teachers t ON a.teacher = t.id WHERE  c.`status` = 1 and c.id = 1 ORDER BY c.course, c.major, c.`year`, c.section
success: (1CP8H) [2025-05-13 11:54:38] SELECT * FROM coursemajor WHERE status = 1 order by course, major, year, section
success: (HED6V) [2025-05-13 11:54:38] select * from theme where id = 1
success: (HSO4K) [2025-05-13 11:54:39] update theme set theme = 'theme16' where id = 1
success: (V4KQ9) [2025-05-13 11:54:41] SELECT a.id, s.id 'subjectid', t.id 'teacherid', c.id 'courseid', c.course,c.major, c.`year`,a.`status` 'astatus', c.section, t.firstname, t.lastname, s.`subject`, s.`description`, a.date_createdd,a.date_modifieds  FROM assignment a LEFT join coursemajor c ON a.coursemajor = c.id LEFT join `subject` s ON a.`subject` = s.id LEFT join teachers t ON a.teacher = t.id WHERE  c.`status` = 1 and c.id = 1 ORDER BY c.course, c.major, c.`year`, c.section
success: (QMOH9) [2025-05-13 11:55:27] SELECT * FROM coursemajor WHERE status = 1 order by course, major, year, section
success: (7NMXE) [2025-05-13 11:55:27] select * from theme where id = 1
success: (G7XWU) [2025-05-13 11:55:27] update theme set theme = 'theme16' where id = 1
success: (W7BXO) [2025-05-13 11:55:29] SELECT a.id, s.id 'subjectid', t.id 'teacherid', c.id 'courseid', c.course,c.major, c.`year`,a.`status` 'astatus', c.section, t.firstname, t.lastname, s.`subject`, s.`description`, a.date_createdd,a.date_modifieds  FROM assignment a LEFT join coursemajor c ON a.coursemajor = c.id LEFT join `subject` s ON a.`subject` = s.id LEFT join teachers t ON a.teacher = t.id WHERE  c.`status` = 1 and c.id = 1 ORDER BY c.course, c.major, c.`year`, c.section
success: (IYFDO) [2025-05-13 11:55:57] SELECT * FROM coursemajor WHERE status = 1 order by course, major, year, section
success: (2GS8X) [2025-05-13 11:55:57] select * from theme where id = 1
success: (3D9KX) [2025-05-13 11:55:58] update theme set theme = 'theme16' where id = 1
success: (R1XA2) [2025-05-13 11:56:01] SELECT a.id, s.id 'subjectid', t.id 'teacherid', c.id 'courseid', c.course,c.major, c.`year`,a.`status` 'astatus', c.section, t.firstname, t.lastname, s.`subject`, s.`description`, a.date_createdd,a.date_modifieds  FROM assignment a LEFT join coursemajor c ON a.coursemajor = c.id LEFT join `subject` s ON a.`subject` = s.id LEFT join teachers t ON a.teacher = t.id WHERE  c.`status` = 1 and c.id = 1 ORDER BY c.course, c.major, c.`year`, c.section
success: (V8726) [2025-05-13 11:56:14] SELECT * FROM coursemajor WHERE status = 1 order by course, major, year, section
success: (7IQY8) [2025-05-13 11:56:14] select * from theme where id = 1
success: (YSORC) [2025-05-13 11:56:15] update theme set theme = 'theme16' where id = 1
success: (24SEX) [2025-05-13 11:56:16] SELECT a.id, s.id 'subjectid', t.id 'teacherid', c.id 'courseid', c.course,c.major, c.`year`,a.`status` 'astatus', c.section, t.firstname, t.lastname, s.`subject`, s.`description`, a.date_createdd,a.date_modifieds  FROM assignment a LEFT join coursemajor c ON a.coursemajor = c.id LEFT join `subject` s ON a.`subject` = s.id LEFT join teachers t ON a.teacher = t.id WHERE  c.`status` = 1 and c.id = 1 ORDER BY c.course, c.major, c.`year`, c.section
error: (NAKXE) [2025-05-13 11:56:18] SELECT * FROM subjects WHERE id = '2'
success: (EMVQU) [2025-05-13 11:56:37] SELECT * FROM subject WHERE id = '1'
success: (KIMZR) [2025-05-13 11:56:52] SELECT * FROM coursemajor WHERE status = 1 order by course, major, year, section
success: (HGOIU) [2025-05-13 11:56:52] select * from theme where id = 1
success: (49IFV) [2025-05-13 11:56:53] update theme set theme = 'theme16' where id = 1
success: (1IQKO) [2025-05-13 11:56:57] SELECT a.id, s.id 'subjectid', t.id 'teacherid', c.id 'courseid', c.course,c.major, c.`year`,a.`status` 'astatus', c.section, t.firstname, t.lastname, s.`subject`, s.`description`, a.date_createdd,a.date_modifieds  FROM assignment a LEFT join coursemajor c ON a.coursemajor = c.id LEFT join `subject` s ON a.`subject` = s.id LEFT join teachers t ON a.teacher = t.id WHERE  c.`status` = 1 and c.id = 1 ORDER BY c.course, c.major, c.`year`, c.section
success: (QG9FS) [2025-05-13 11:56:58] SELECT * FROM subject WHERE id = '2'
success: (7EJAV) [2025-05-13 11:57:25] SELECT * FROM subject WHERE id = '3'
success: (YFEP4) [2025-05-13 11:58:45] SELECT * FROM coursemajor WHERE status = 1 order by course, major, year, section
success: (ACGH3) [2025-05-13 11:58:45] select * from theme where id = 1
success: (PDE2A) [2025-05-13 11:58:46] update theme set theme = 'theme16' where id = 1
success: (O5TAL) [2025-05-13 11:58:49] SELECT a.id, s.id 'subjectid', t.id 'teacherid', c.id 'courseid', c.course,c.major, c.`year`,a.`status` 'astatus', c.section, t.firstname, t.lastname, s.`subject`, s.`description`, a.date_createdd,a.date_modifieds  FROM assignment a LEFT join coursemajor c ON a.coursemajor = c.id LEFT join `subject` s ON a.`subject` = s.id LEFT join teachers t ON a.teacher = t.id WHERE  c.`status` = 1 and c.id = 1 ORDER BY c.course, c.major, c.`year`, c.section
success: (1Z42R) [2025-05-13 11:58:51] SELECT * FROM subject WHERE id = '2'
success: (RKN7Z) [2025-05-13 11:59:01] SELECT * FROM coursemajor WHERE status = 1 order by course, major, year, section
success: (5HSND) [2025-05-13 11:59:01] select * from theme where id = 1
success: (7GZQ1) [2025-05-13 11:59:02] update theme set theme = 'theme16' where id = 1
success: (U2KRZ) [2025-05-13 11:59:05] SELECT a.id, s.id 'subjectid', t.id 'teacherid', c.id 'courseid', c.course,c.major, c.`year`,a.`status` 'astatus', c.section, t.firstname, t.lastname, s.`subject`, s.`description`, a.date_createdd,a.date_modifieds  FROM assignment a LEFT join coursemajor c ON a.coursemajor = c.id LEFT join `subject` s ON a.`subject` = s.id LEFT join teachers t ON a.teacher = t.id WHERE  c.`status` = 1 and c.id = 1 ORDER BY c.course, c.major, c.`year`, c.section
success: (XU5NI) [2025-05-13 11:59:06] SELECT * FROM subject WHERE id = '2'
success: (QPJLT) [2025-05-13 12:00:01] SELECT * FROM coursemajor WHERE status = 1 order by course, major, year, section
success: (UDG71) [2025-05-13 12:00:01] select * from theme where id = 1
success: (8FD1K) [2025-05-13 12:00:02] update theme set theme = 'theme16' where id = 1
success: (84S1G) [2025-05-13 12:00:03] SELECT a.id, s.id 'subjectid', t.id 'teacherid', c.id 'courseid', c.course,c.major, c.`year`,a.`status` 'astatus', c.section, t.firstname, t.lastname, s.`subject`, s.`description`, a.date_createdd,a.date_modifieds  FROM assignment a LEFT join coursemajor c ON a.coursemajor = c.id LEFT join `subject` s ON a.`subject` = s.id LEFT join teachers t ON a.teacher = t.id WHERE  c.`status` = 1 and c.id = 1 ORDER BY c.course, c.major, c.`year`, c.section
success: (83AW4) [2025-05-13 12:00:05] SELECT * FROM subject WHERE id = '2'
success: (ENTDK) [2025-05-13 12:00:09] SELECT * FROM subject WHERE id = '2'
success: (BCZK2) [2025-05-13 12:00:25] SELECT * FROM subject WHERE id = '1'
success: (JIGZP) [2025-05-13 12:01:10] SELECT * FROM coursemajor WHERE status = 1 order by course, major, year, section
success: (APONY) [2025-05-13 12:01:10] select * from theme where id = 1
success: (RDCXU) [2025-05-13 12:01:11] update theme set theme = 'theme16' where id = 1
success: (SKFNZ) [2025-05-13 12:01:15] SELECT a.id, s.id 'subjectid', t.id 'teacherid', c.id 'courseid', c.course,c.major, c.`year`,a.`status` 'astatus', c.section, t.firstname, t.lastname, s.`subject`, s.`description`, a.date_createdd,a.date_modifieds  FROM assignment a LEFT join coursemajor c ON a.coursemajor = c.id LEFT join `subject` s ON a.`subject` = s.id LEFT join teachers t ON a.teacher = t.id WHERE  c.`status` = 1 and c.id = 1 ORDER BY c.course, c.major, c.`year`, c.section
success: (KQO7T) [2025-05-13 12:01:17] SELECT * FROM subject WHERE id = '2'
success: (O69XD) [2025-05-13 12:01:50] SELECT * FROM coursemajor WHERE status = 1 order by course, major, year, section
success: (9MQYJ) [2025-05-13 12:01:50] select * from theme where id = 1
success: (WBA7X) [2025-05-13 12:01:51] update theme set theme = 'theme16' where id = 1
success: (HTFGJ) [2025-05-13 12:01:54] SELECT a.id, s.id 'subjectid', t.id 'teacherid', c.id 'courseid', c.course,c.major, c.`year`,a.`status` 'astatus', c.section, t.firstname, t.lastname, s.`subject`, s.`description`, a.date_createdd,a.date_modifieds  FROM assignment a LEFT join coursemajor c ON a.coursemajor = c.id LEFT join `subject` s ON a.`subject` = s.id LEFT join teachers t ON a.teacher = t.id WHERE  c.`status` = 1 and c.id = 1 ORDER BY c.course, c.major, c.`year`, c.section
success: (75DU1) [2025-05-13 12:01:56] SELECT * FROM subject WHERE id = '2'
success: (JOQ7U) [2025-05-13 12:04:39] SELECT * FROM coursemajor WHERE status = 1 order by course, major, year, section
success: (YCE9W) [2025-05-13 12:04:39] select * from theme where id = 1
success: (K2GST) [2025-05-13 12:04:40] update theme set theme = 'theme16' where id = 1
success: (U5Q87) [2025-05-13 12:04:42] SELECT a.id, s.id 'subjectid', t.id 'teacherid', c.id 'courseid', c.course,c.major, c.`year`,a.`status` 'astatus', c.section, t.firstname, t.lastname, s.`subject`, s.`description`, a.date_createdd,a.date_modifieds  FROM assignment a LEFT join coursemajor c ON a.coursemajor = c.id LEFT join `subject` s ON a.`subject` = s.id LEFT join teachers t ON a.teacher = t.id WHERE  c.`status` = 1 and c.id = 1 ORDER BY c.course, c.major, c.`year`, c.section
success: (QHPAF) [2025-05-13 12:04:49] SELECT * FROM subject WHERE id = '2'
success: (GABJQ) [2025-05-13 12:05:23] SELECT * FROM coursemajor WHERE status = 1 order by course, major, year, section
success: (MKB4V) [2025-05-13 12:05:23] select * from theme where id = 1
success: (M9H2I) [2025-05-13 12:05:24] update theme set theme = 'theme16' where id = 1
success: (2RJZQ) [2025-05-13 12:09:00] SELECT * FROM coursemajor WHERE status = 1 order by course, major, year, section
success: (B81ZV) [2025-05-13 12:09:00] select * from theme where id = 1
success: (AODW6) [2025-05-13 12:09:00] update theme set theme = 'theme16' where id = 1
success: (LA2H4) [2025-05-13 12:09:02] SELECT a.id, s.id 'subjectid', t.id 'teacherid', c.id 'courseid', c.course,c.major, c.`year`,a.`status` 'astatus', c.section, t.firstname, t.lastname, s.`subject`, s.`description`, a.date_createdd,a.date_modifieds  FROM assignment a LEFT join coursemajor c ON a.coursemajor = c.id LEFT join `subject` s ON a.`subject` = s.id LEFT join teachers t ON a.teacher = t.id WHERE  c.`status` = 1 and c.id = 1 ORDER BY c.course, c.major, c.`year`, c.section
success: (AD4YU) [2025-05-13 12:09:04] SELECT * FROM subject WHERE id = '2'
success: (9KZN2) [2025-05-13 12:09:31] SELECT * FROM coursemajor WHERE status = 1 order by course, major, year, section
success: (WBXMA) [2025-05-13 12:09:31] select * from theme where id = 1
success: (O23P4) [2025-05-13 12:09:31] update theme set theme = 'theme16' where id = 1
success: (Y4JXQ) [2025-05-13 12:09:33] SELECT a.id, s.id 'subjectid', t.id 'teacherid', c.id 'courseid', c.course,c.major, c.`year`,a.`status` 'astatus', c.section, t.firstname, t.lastname, s.`subject`, s.`description`, a.date_createdd,a.date_modifieds  FROM assignment a LEFT join coursemajor c ON a.coursemajor = c.id LEFT join `subject` s ON a.`subject` = s.id LEFT join teachers t ON a.teacher = t.id WHERE  c.`status` = 1 and c.id = 1 ORDER BY c.course, c.major, c.`year`, c.section
success: (Y6FNL) [2025-05-13 12:09:35] SELECT * FROM subject WHERE id = '2'
success: (A5136) [2025-05-13 12:09:54] SELECT * FROM coursemajor WHERE status = 1 order by course, major, year, section
success: (WXSLY) [2025-05-13 12:09:54] select * from theme where id = 1
success: (I6Q1W) [2025-05-13 12:09:55] update theme set theme = 'theme16' where id = 1
success: (K3IAV) [2025-05-13 12:11:16] SELECT * FROM coursemajor WHERE status = 1 order by course, major, year, section
success: (TDNVX) [2025-05-13 12:11:16] select * from theme where id = 1
success: (OQELS) [2025-05-13 12:11:16] update theme set theme = 'theme16' where id = 1
success: (CJYGE) [2025-05-13 12:11:19] SELECT a.id, s.id 'subjectid', t.id 'teacherid', c.id 'courseid', c.course,c.major, c.`year`,a.`status` 'astatus', c.section, t.firstname, t.lastname, s.`subject`, s.`description`, a.date_createdd,a.date_modifieds  FROM assignment a LEFT join coursemajor c ON a.coursemajor = c.id LEFT join `subject` s ON a.`subject` = s.id LEFT join teachers t ON a.teacher = t.id WHERE  c.`status` = 1 and c.id = 1 ORDER BY c.course, c.major, c.`year`, c.section
success: (SQC17) [2025-05-13 12:11:20] SELECT * FROM subject WHERE id = '2'
success: (SFHAU) [2025-05-13 12:11:21] UPDATE subject SET subject = 'Networking 1', description = 'IT networking' WHERE id = 2
success: (6SZYG) [2025-05-13 12:11:23] SELECT * FROM coursemajor WHERE status = 1 order by course, major, year, section
success: (YWDFR) [2025-05-13 12:11:23] select * from theme where id = 1
success: (6OVXT) [2025-05-13 12:11:24] update theme set theme = 'theme16' where id = 1
success: (7MSXI) [2025-05-13 12:11:26] SELECT a.id, s.id 'subjectid', t.id 'teacherid', c.id 'courseid', c.course,c.major, c.`year`,a.`status` 'astatus', c.section, t.firstname, t.lastname, s.`subject`, s.`description`, a.date_createdd,a.date_modifieds  FROM assignment a LEFT join coursemajor c ON a.coursemajor = c.id LEFT join `subject` s ON a.`subject` = s.id LEFT join teachers t ON a.teacher = t.id WHERE  c.`status` = 1 and c.id = 1 ORDER BY c.course, c.major, c.`year`, c.section
success: (32HFK) [2025-05-13 12:11:34] SELECT * FROM coursemajor WHERE status = 1 order by course, major, year, section
success: (RFEW9) [2025-05-13 12:11:34] select * from theme where id = 1
success: (SV63D) [2025-05-13 12:11:35] update theme set theme = 'theme16' where id = 1
success: (G1Q4X) [2025-05-13 12:11:37] SELECT a.id, s.id 'subjectid', t.id 'teacherid', c.id 'courseid', c.course,c.major, c.`year`,a.`status` 'astatus', c.section, t.firstname, t.lastname, s.`subject`, s.`description`, a.date_createdd,a.date_modifieds  FROM assignment a LEFT join coursemajor c ON a.coursemajor = c.id LEFT join `subject` s ON a.`subject` = s.id LEFT join teachers t ON a.teacher = t.id WHERE  c.`status` = 1 and c.id = 1 ORDER BY c.course, c.major, c.`year`, c.section
success: (6RUCO) [2025-05-13 12:11:38] SELECT * FROM subject WHERE id = '2'
success: (69BLM) [2025-05-13 12:11:39] UPDATE subject SET subject = 'Networking 1', description = 'IT networking' WHERE id = 2
success: (OW3C7) [2025-05-13 12:11:40] SELECT * FROM coursemajor WHERE status = 1 order by course, major, year, section
success: (Q7EZ2) [2025-05-13 12:11:40] select * from theme where id = 1
success: (VQKDZ) [2025-05-13 12:11:41] update theme set theme = 'theme16' where id = 1
success: (X9JP4) [2025-05-13 12:11:53] SELECT a.id, s.id 'subjectid', t.id 'teacherid', c.id 'courseid', c.course,c.major, c.`year`,a.`status` 'astatus', c.section, t.firstname, t.lastname, s.`subject`, s.`description`, a.date_createdd,a.date_modifieds  FROM assignment a LEFT join coursemajor c ON a.coursemajor = c.id LEFT join `subject` s ON a.`subject` = s.id LEFT join teachers t ON a.teacher = t.id WHERE  c.`status` = 1 and c.id = 1 ORDER BY c.course, c.major, c.`year`, c.section
success: (UXPOA) [2025-05-13 12:11:55] SELECT * FROM subject WHERE id = '2'
success: (UDENX) [2025-05-13 12:12:01] UPDATE subject SET subject = 'Networking 1', description = 'IT networking 1' WHERE id = 2
success: (DSGCN) [2025-05-13 12:12:02] SELECT * FROM coursemajor WHERE status = 1 order by course, major, year, section
success: (6S82D) [2025-05-13 12:12:02] select * from theme where id = 1
success: (HQ2M7) [2025-05-13 12:12:03] update theme set theme = 'theme16' where id = 1
success: (QMEIH) [2025-05-13 12:12:06] SELECT a.id, s.id 'subjectid', t.id 'teacherid', c.id 'courseid', c.course,c.major, c.`year`,a.`status` 'astatus', c.section, t.firstname, t.lastname, s.`subject`, s.`description`, a.date_createdd,a.date_modifieds  FROM assignment a LEFT join coursemajor c ON a.coursemajor = c.id LEFT join `subject` s ON a.`subject` = s.id LEFT join teachers t ON a.teacher = t.id WHERE  c.`status` = 1 and c.id = 5 ORDER BY c.course, c.major, c.`year`, c.section
success: (INF45) [2025-05-13 12:12:07] SELECT a.id, s.id 'subjectid', t.id 'teacherid', c.id 'courseid', c.course,c.major, c.`year`,a.`status` 'astatus', c.section, t.firstname, t.lastname, s.`subject`, s.`description`, a.date_createdd,a.date_modifieds  FROM assignment a LEFT join coursemajor c ON a.coursemajor = c.id LEFT join `subject` s ON a.`subject` = s.id LEFT join teachers t ON a.teacher = t.id WHERE  c.`status` = 1 and c.id = 1 ORDER BY c.course, c.major, c.`year`, c.section
success: (2WL5F) [2025-05-13 12:13:13] SELECT * FROM coursemajor WHERE status = 1 order by course, major, year, section
success: (8NGOV) [2025-05-13 12:13:13] select * from theme where id = 1
success: (OAUDJ) [2025-05-13 12:13:14] update theme set theme = 'theme16' where id = 1
success: (C6MBQ) [2025-05-13 12:13:17] SELECT a.id, s.id 'subjectid', t.id 'teacherid', c.id 'courseid', c.course,c.major, c.`year`,a.`status` 'astatus', c.section, t.firstname, t.lastname, s.`subject`, s.`description`, a.date_createdd,a.date_modifieds  FROM assignment a LEFT join coursemajor c ON a.coursemajor = c.id LEFT join `subject` s ON a.`subject` = s.id LEFT join teachers t ON a.teacher = t.id WHERE  c.`status` = 1 and c.id = 1 ORDER BY c.course, c.major, c.`year`, c.section
success: (WHT3R) [2025-05-13 12:13:18] SELECT * FROM subject WHERE id = '2'
success: (IT4N1) [2025-05-13 12:13:21] UPDATE subject SET subject = 'Networking 1', description = 'IT networking ' WHERE id = 2
success: (M1L9O) [2025-05-13 12:13:22] SELECT a.id, s.id 'subjectid', t.id 'teacherid', c.id 'courseid', c.course,c.major, c.`year`,a.`status` 'astatus', c.section, t.firstname, t.lastname, s.`subject`, s.`description`, a.date_createdd,a.date_modifieds  FROM assignment a LEFT join coursemajor c ON a.coursemajor = c.id LEFT join `subject` s ON a.`subject` = s.id LEFT join teachers t ON a.teacher = t.id WHERE  c.`status` = 1 and c.id = 1 ORDER BY c.course, c.major, c.`year`, c.section
success: (UNLRX) [2025-05-13 12:14:18] SELECT * FROM coursemajor WHERE status = 1 order by course, major, year, section
success: (RAJYF) [2025-05-13 12:14:18] select * from theme where id = 1
success: (4VU86) [2025-05-13 12:14:19] update theme set theme = 'theme16' where id = 1
success: (43UX9) [2025-05-13 12:14:22] SELECT a.id, s.id 'subjectid', t.id 'teacherid', c.id 'courseid', c.course,c.major, c.`year`,a.`status` 'astatus', c.section, t.firstname, t.lastname, s.`subject`, s.`description`, a.date_createdd,a.date_modifieds  FROM assignment a LEFT join coursemajor c ON a.coursemajor = c.id LEFT join `subject` s ON a.`subject` = s.id LEFT join teachers t ON a.teacher = t.id WHERE  c.`status` = 1 and c.id = 5 ORDER BY c.course, c.major, c.`year`, c.section
success: (43O8I) [2025-05-13 12:14:23] SELECT a.id, s.id 'subjectid', t.id 'teacherid', c.id 'courseid', c.course,c.major, c.`year`,a.`status` 'astatus', c.section, t.firstname, t.lastname, s.`subject`, s.`description`, a.date_createdd,a.date_modifieds  FROM assignment a LEFT join coursemajor c ON a.coursemajor = c.id LEFT join `subject` s ON a.`subject` = s.id LEFT join teachers t ON a.teacher = t.id WHERE  c.`status` = 1 and c.id = 1 ORDER BY c.course, c.major, c.`year`, c.section
success: (DCLBS) [2025-05-13 12:14:25] SELECT * FROM subject WHERE id = '2'
success: (MHZ5N) [2025-05-13 12:14:28] UPDATE subject SET subject = 'Networking 1', description = 'IT networking 1' WHERE id = 2
success: (H3N6B) [2025-05-13 12:14:29] SELECT a.id, s.id 'subjectid', t.id 'teacherid', c.id 'courseid', c.course,c.major, c.`year`,a.`status` 'astatus', c.section, t.firstname, t.lastname, s.`subject`, s.`description`, a.date_createdd,a.date_modifieds  FROM assignment a LEFT join coursemajor c ON a.coursemajor = c.id LEFT join `subject` s ON a.`subject` = s.id LEFT join teachers t ON a.teacher = t.id WHERE  c.`status` = 1 and c.id = 1 ORDER BY c.course, c.major, c.`year`, c.section
success: (WQ7ET) [2025-05-13 12:14:50] SELECT * FROM coursemajor WHERE status = 1 order by course, major, year, section
success: (8DR9M) [2025-05-13 12:14:50] select * from theme where id = 1
success: (HIUNV) [2025-05-13 12:14:51] update theme set theme = 'theme16' where id = 1
success: (CWVIT) [2025-05-13 12:14:53] SELECT a.id, s.id 'subjectid', t.id 'teacherid', c.id 'courseid', c.course,c.major, c.`year`,a.`status` 'astatus', c.section, t.firstname, t.lastname, s.`subject`, s.`description`, a.date_createdd,a.date_modifieds  FROM assignment a LEFT join coursemajor c ON a.coursemajor = c.id LEFT join `subject` s ON a.`subject` = s.id LEFT join teachers t ON a.teacher = t.id WHERE  c.`status` = 1 and c.id = 1 ORDER BY c.course, c.major, c.`year`, c.section
success: (1K3G8) [2025-05-13 12:14:55] SELECT * FROM subject WHERE id = '2'
success: (HDRTV) [2025-05-13 12:14:56] UPDATE subject SET subject = 'Networking 1', description = 'IT networking 1' WHERE id = 2
success: (E9KJY) [2025-05-13 12:14:57] SELECT a.id, s.id 'subjectid', t.id 'teacherid', c.id 'courseid', c.course,c.major, c.`year`,a.`status` 'astatus', c.section, t.firstname, t.lastname, s.`subject`, s.`description`, a.date_createdd,a.date_modifieds  FROM assignment a LEFT join coursemajor c ON a.coursemajor = c.id LEFT join `subject` s ON a.`subject` = s.id LEFT join teachers t ON a.teacher = t.id WHERE  c.`status` = 1 and c.id = 1 ORDER BY c.course, c.major, c.`year`, c.section
success: (B9YP2) [2025-05-13 12:15:00] UPDATE subject SET subject = 'Networking 1', description = 'IT networking 1' WHERE id = 2
success: (ZJCTO) [2025-05-13 12:15:01] SELECT a.id, s.id 'subjectid', t.id 'teacherid', c.id 'courseid', c.course,c.major, c.`year`,a.`status` 'astatus', c.section, t.firstname, t.lastname, s.`subject`, s.`description`, a.date_createdd,a.date_modifieds  FROM assignment a LEFT join coursemajor c ON a.coursemajor = c.id LEFT join `subject` s ON a.`subject` = s.id LEFT join teachers t ON a.teacher = t.id WHERE  c.`status` = 1 and c.id = 1 ORDER BY c.course, c.major, c.`year`, c.section
success: (VFAKM) [2025-05-13 12:15:47] SELECT * FROM coursemajor WHERE status = 1 order by course, major, year, section
success: (S392T) [2025-05-13 12:15:47] select * from theme where id = 1
success: (FLM3P) [2025-05-13 12:15:48] update theme set theme = 'theme16' where id = 1
success: (IP3YG) [2025-05-13 12:15:50] SELECT a.id, s.id 'subjectid', t.id 'teacherid', c.id 'courseid', c.course,c.major, c.`year`,a.`status` 'astatus', c.section, t.firstname, t.lastname, s.`subject`, s.`description`, a.date_createdd,a.date_modifieds  FROM assignment a LEFT join coursemajor c ON a.coursemajor = c.id LEFT join `subject` s ON a.`subject` = s.id LEFT join teachers t ON a.teacher = t.id WHERE  c.`status` = 1 and c.id = 1 ORDER BY c.course, c.major, c.`year`, c.section
success: (7RN9U) [2025-05-13 12:15:51] SELECT * FROM subject WHERE id = '2'
success: (5CMA8) [2025-05-13 12:15:54] UPDATE subject SET subject = 'Networking 1', description = 'IT networking 1' WHERE id = 2
success: (6UEDQ) [2025-05-13 12:15:55] SELECT a.id, s.id 'subjectid', t.id 'teacherid', c.id 'courseid', c.course,c.major, c.`year`,a.`status` 'astatus', c.section, t.firstname, t.lastname, s.`subject`, s.`description`, a.date_createdd,a.date_modifieds  FROM assignment a LEFT join coursemajor c ON a.coursemajor = c.id LEFT join `subject` s ON a.`subject` = s.id LEFT join teachers t ON a.teacher = t.id WHERE  c.`status` = 1 and c.id = 1 ORDER BY c.course, c.major, c.`year`, c.section
success: (DQVKF) [2025-05-13 12:15:56] UPDATE subject SET subject = 'Networking 1', description = 'IT networking 1' WHERE id = 2
success: (HE9V7) [2025-05-13 12:15:58] SELECT a.id, s.id 'subjectid', t.id 'teacherid', c.id 'courseid', c.course,c.major, c.`year`,a.`status` 'astatus', c.section, t.firstname, t.lastname, s.`subject`, s.`description`, a.date_createdd,a.date_modifieds  FROM assignment a LEFT join coursemajor c ON a.coursemajor = c.id LEFT join `subject` s ON a.`subject` = s.id LEFT join teachers t ON a.teacher = t.id WHERE  c.`status` = 1 and c.id = 1 ORDER BY c.course, c.major, c.`year`, c.section
success: (CIYKV) [2025-05-13 12:16:00] SELECT * FROM subject WHERE id = '1'
success: (ZAYQ1) [2025-05-13 12:16:01] UPDATE subject SET subject = 'Programming 1', description = 'Programming and coding' WHERE id = 1
success: (KM8WU) [2025-05-13 12:16:01] UPDATE subject SET subject = 'Programming 1', description = 'Programming and coding' WHERE id = 1
success: (YGL7Q) [2025-05-13 12:16:01] SELECT a.id, s.id 'subjectid', t.id 'teacherid', c.id 'courseid', c.course,c.major, c.`year`,a.`status` 'astatus', c.section, t.firstname, t.lastname, s.`subject`, s.`description`, a.date_createdd,a.date_modifieds  FROM assignment a LEFT join coursemajor c ON a.coursemajor = c.id LEFT join `subject` s ON a.`subject` = s.id LEFT join teachers t ON a.teacher = t.id WHERE  c.`status` = 1 and c.id = 1 ORDER BY c.course, c.major, c.`year`, c.section
success: (KA9CT) [2025-05-13 12:16:02] SELECT a.id, s.id 'subjectid', t.id 'teacherid', c.id 'courseid', c.course,c.major, c.`year`,a.`status` 'astatus', c.section, t.firstname, t.lastname, s.`subject`, s.`description`, a.date_createdd,a.date_modifieds  FROM assignment a LEFT join coursemajor c ON a.coursemajor = c.id LEFT join `subject` s ON a.`subject` = s.id LEFT join teachers t ON a.teacher = t.id WHERE  c.`status` = 1 and c.id = 1 ORDER BY c.course, c.major, c.`year`, c.section
success: (4EFPG) [2025-05-13 12:17:03] SELECT * FROM coursemajor WHERE status = 1 order by course, major, year, section
success: (ZLUE6) [2025-05-13 12:17:03] select * from theme where id = 1
success: (NWP6O) [2025-05-13 12:17:04] update theme set theme = 'theme16' where id = 1
success: (L798P) [2025-05-13 12:17:06] SELECT a.id, s.id 'subjectid', t.id 'teacherid', c.id 'courseid', c.course,c.major, c.`year`,a.`status` 'astatus', c.section, t.firstname, t.lastname, s.`subject`, s.`description`, a.date_createdd,a.date_modifieds  FROM assignment a LEFT join coursemajor c ON a.coursemajor = c.id LEFT join `subject` s ON a.`subject` = s.id LEFT join teachers t ON a.teacher = t.id WHERE  c.`status` = 1 and c.id = 1 ORDER BY c.course, c.major, c.`year`, c.section
success: (A719V) [2025-05-13 12:17:07] SELECT * FROM subject WHERE id = '2'
success: (T2ZPX) [2025-05-13 12:17:09] UPDATE subject SET subject = 'Networking 1', description = 'IT networking 1' WHERE id = 2
success: (7B6AD) [2025-05-13 12:17:10] SELECT a.id, s.id 'subjectid', t.id 'teacherid', c.id 'courseid', c.course,c.major, c.`year`,a.`status` 'astatus', c.section, t.firstname, t.lastname, s.`subject`, s.`description`, a.date_createdd,a.date_modifieds  FROM assignment a LEFT join coursemajor c ON a.coursemajor = c.id LEFT join `subject` s ON a.`subject` = s.id LEFT join teachers t ON a.teacher = t.id WHERE  c.`status` = 1 and c.id = 1 ORDER BY c.course, c.major, c.`year`, c.section
success: (7XN15) [2025-05-13 12:17:28] UPDATE subject SET subject = 'Networking 1', description = 'IT networking 1' WHERE id = 2
success: (J4DI3) [2025-05-13 12:17:29] SELECT a.id, s.id 'subjectid', t.id 'teacherid', c.id 'courseid', c.course,c.major, c.`year`,a.`status` 'astatus', c.section, t.firstname, t.lastname, s.`subject`, s.`description`, a.date_createdd,a.date_modifieds  FROM assignment a LEFT join coursemajor c ON a.coursemajor = c.id LEFT join `subject` s ON a.`subject` = s.id LEFT join teachers t ON a.teacher = t.id WHERE  c.`status` = 1 and c.id = 1 ORDER BY c.course, c.major, c.`year`, c.section
success: (ZTDJO) [2025-05-13 12:19:57] SELECT * FROM coursemajor WHERE status = 1 order by course, major, year, section
success: (HBE8C) [2025-05-13 12:19:57] select * from theme where id = 1
success: (3LBO5) [2025-05-13 12:19:58] update theme set theme = 'theme16' where id = 1
success: (QKX9A) [2025-05-13 12:20:01] SELECT a.id, s.id 'subjectid', t.id 'teacherid', c.id 'courseid', c.course,c.major, c.`year`,a.`status` 'astatus', c.section, t.firstname, t.lastname, s.`subject`, s.`description`, a.date_createdd,a.date_modifieds  FROM assignment a LEFT join coursemajor c ON a.coursemajor = c.id LEFT join `subject` s ON a.`subject` = s.id LEFT join teachers t ON a.teacher = t.id WHERE  c.`status` = 1 and c.id = 1 ORDER BY c.course, c.major, c.`year`, c.section
success: (5KZ4R) [2025-05-13 12:20:03] SELECT * FROM subject WHERE id = '2'
success: (TYXMA) [2025-05-13 12:20:05] UPDATE subject SET subject = 'Networking 1', description = 'IT networking 1' WHERE id = 2
success: (QZU4M) [2025-05-13 12:20:20] SELECT * FROM coursemajor WHERE status = 1 order by course, major, year, section
success: (MAJB7) [2025-05-13 12:20:20] select * from theme where id = 1
success: (O1SF8) [2025-05-13 12:20:21] update theme set theme = 'theme16' where id = 1
success: (FSR63) [2025-05-13 12:20:24] SELECT a.id, s.id 'subjectid', t.id 'teacherid', c.id 'courseid', c.course,c.major, c.`year`,a.`status` 'astatus', c.section, t.firstname, t.lastname, s.`subject`, s.`description`, a.date_createdd,a.date_modifieds  FROM assignment a LEFT join coursemajor c ON a.coursemajor = c.id LEFT join `subject` s ON a.`subject` = s.id LEFT join teachers t ON a.teacher = t.id WHERE  c.`status` = 1 and c.id = 1 ORDER BY c.course, c.major, c.`year`, c.section
success: (CVTXU) [2025-05-13 12:20:26] SELECT * FROM subject WHERE id = '2'
success: (NCESR) [2025-05-13 12:20:27] UPDATE subject SET subject = 'Networking 1', description = 'IT networking 1' WHERE id = 2
success: (INLBM) [2025-05-13 12:20:28] SELECT a.id, s.id 'subjectid', t.id 'teacherid', c.id 'courseid', c.course,c.major, c.`year`,a.`status` 'astatus', c.section, t.firstname, t.lastname, s.`subject`, s.`description`, a.date_createdd,a.date_modifieds  FROM assignment a LEFT join coursemajor c ON a.coursemajor = c.id LEFT join `subject` s ON a.`subject` = s.id LEFT join teachers t ON a.teacher = t.id WHERE  c.`status` = 1 and c.id = 1 ORDER BY c.course, c.major, c.`year`, c.section
success: (5LY12) [2025-05-13 12:21:28] SELECT * FROM coursemajor WHERE status = 1 order by course, major, year, section
success: (HZJ9R) [2025-05-13 12:21:28] select * from theme where id = 1
success: (TEGOV) [2025-05-13 12:21:29] update theme set theme = 'theme16' where id = 1
success: (DX5HK) [2025-05-13 12:21:31] SELECT a.id, s.id 'subjectid', t.id 'teacherid', c.id 'courseid', c.course,c.major, c.`year`,a.`status` 'astatus', c.section, t.firstname, t.lastname, s.`subject`, s.`description`, a.date_createdd,a.date_modifieds  FROM assignment a LEFT join coursemajor c ON a.coursemajor = c.id LEFT join `subject` s ON a.`subject` = s.id LEFT join teachers t ON a.teacher = t.id WHERE  c.`status` = 1 and c.id = 1 ORDER BY c.course, c.major, c.`year`, c.section
success: (WJI6O) [2025-05-13 12:21:33] SELECT * FROM subject WHERE id = '2'
success: (6PISZ) [2025-05-13 12:21:34] UPDATE subject SET subject = 'Networking 1', description = 'IT networking 1' WHERE id = 2
success: (Q1JMB) [2025-05-13 12:21:35] SELECT a.id, s.id 'subjectid', t.id 'teacherid', c.id 'courseid', c.course,c.major, c.`year`,a.`status` 'astatus', c.section, t.firstname, t.lastname, s.`subject`, s.`description`, a.date_createdd,a.date_modifieds  FROM assignment a LEFT join coursemajor c ON a.coursemajor = c.id LEFT join `subject` s ON a.`subject` = s.id LEFT join teachers t ON a.teacher = t.id WHERE  c.`status` = 1 and c.id = 1 ORDER BY c.course, c.major, c.`year`, c.section
success: (KP3CA) [2025-05-13 12:21:50] SELECT a.id, s.id 'subjectid', t.id 'teacherid', c.id 'courseid', c.course,c.major, c.`year`,a.`status` 'astatus', c.section, t.firstname, t.lastname, s.`subject`, s.`description`, a.date_createdd,a.date_modifieds  FROM assignment a LEFT join coursemajor c ON a.coursemajor = c.id LEFT join `subject` s ON a.`subject` = s.id LEFT join teachers t ON a.teacher = t.id WHERE  c.`status` = 1 and c.id = 4 ORDER BY c.course, c.major, c.`year`, c.section
success: (3T6DB) [2025-05-13 12:21:52] SELECT * FROM subject WHERE id = '20'
success: (O6DJF) [2025-05-13 12:21:54] UPDATE subject SET subject = 'English 1', description = 'basic english' WHERE id = 20
success: (ZD92H) [2025-05-13 12:21:54] UPDATE subject SET subject = 'English 1', description = 'basic english' WHERE id = 20
success: (AZDHN) [2025-05-13 12:21:54] SELECT a.id, s.id 'subjectid', t.id 'teacherid', c.id 'courseid', c.course,c.major, c.`year`,a.`status` 'astatus', c.section, t.firstname, t.lastname, s.`subject`, s.`description`, a.date_createdd,a.date_modifieds  FROM assignment a LEFT join coursemajor c ON a.coursemajor = c.id LEFT join `subject` s ON a.`subject` = s.id LEFT join teachers t ON a.teacher = t.id WHERE  c.`status` = 1 and c.id = 4 ORDER BY c.course, c.major, c.`year`, c.section
success: (IV1W4) [2025-05-13 12:21:55] SELECT a.id, s.id 'subjectid', t.id 'teacherid', c.id 'courseid', c.course,c.major, c.`year`,a.`status` 'astatus', c.section, t.firstname, t.lastname, s.`subject`, s.`description`, a.date_createdd,a.date_modifieds  FROM assignment a LEFT join coursemajor c ON a.coursemajor = c.id LEFT join `subject` s ON a.`subject` = s.id LEFT join teachers t ON a.teacher = t.id WHERE  c.`status` = 1 and c.id = 4 ORDER BY c.course, c.major, c.`year`, c.section
success: (YMPX4) [2025-05-13 12:21:58] SELECT * FROM subject WHERE id = '20'
success: (9LDR3) [2025-05-13 12:22:01] UPDATE subject SET subject = 'English 1', description = 'Basic english' WHERE id = 20
success: (C73PG) [2025-05-13 12:22:01] UPDATE subject SET subject = 'English 1', description = 'Basic english' WHERE id = 20
success: (2GC4Q) [2025-05-13 12:22:01] UPDATE subject SET subject = 'English 1', description = 'Basic english' WHERE id = 20
success: (O9ICW) [2025-05-13 12:22:01] SELECT a.id, s.id 'subjectid', t.id 'teacherid', c.id 'courseid', c.course,c.major, c.`year`,a.`status` 'astatus', c.section, t.firstname, t.lastname, s.`subject`, s.`description`, a.date_createdd,a.date_modifieds  FROM assignment a LEFT join coursemajor c ON a.coursemajor = c.id LEFT join `subject` s ON a.`subject` = s.id LEFT join teachers t ON a.teacher = t.id WHERE  c.`status` = 1 and c.id = 4 ORDER BY c.course, c.major, c.`year`, c.section
success: (5OAJ1) [2025-05-13 12:22:01] SELECT a.id, s.id 'subjectid', t.id 'teacherid', c.id 'courseid', c.course,c.major, c.`year`,a.`status` 'astatus', c.section, t.firstname, t.lastname, s.`subject`, s.`description`, a.date_createdd,a.date_modifieds  FROM assignment a LEFT join coursemajor c ON a.coursemajor = c.id LEFT join `subject` s ON a.`subject` = s.id LEFT join teachers t ON a.teacher = t.id WHERE  c.`status` = 1 and c.id = 4 ORDER BY c.course, c.major, c.`year`, c.section
success: (C5WHJ) [2025-05-13 12:22:02] SELECT a.id, s.id 'subjectid', t.id 'teacherid', c.id 'courseid', c.course,c.major, c.`year`,a.`status` 'astatus', c.section, t.firstname, t.lastname, s.`subject`, s.`description`, a.date_createdd,a.date_modifieds  FROM assignment a LEFT join coursemajor c ON a.coursemajor = c.id LEFT join `subject` s ON a.`subject` = s.id LEFT join teachers t ON a.teacher = t.id WHERE  c.`status` = 1 and c.id = 4 ORDER BY c.course, c.major, c.`year`, c.section
success: (MRD2T) [2025-05-13 12:22:05] SELECT * FROM coursemajor WHERE status = 1 order by course, major, year, section
success: (4FTSD) [2025-05-13 12:22:05] select * from theme where id = 1
success: (M1C28) [2025-05-13 12:22:05] update theme set theme = 'theme16' where id = 1
success: (XCDO3) [2025-05-13 12:22:07] SELECT * FROM coursemajor WHERE status = 1 order by course, major, year, section
success: (SXPL7) [2025-05-13 12:22:07] select * from theme where id = 1
success: (SEFZ2) [2025-05-13 12:22:08] update theme set theme = 'theme16' where id = 1
success: (26CYT) [2025-05-13 12:22:09] SELECT * FROM coursemajor WHERE status = 1 order by course, major, year, section
success: (OMPNY) [2025-05-13 12:22:09] select * from theme where id = 1
success: (OTNHF) [2025-05-13 12:22:09] update theme set theme = 'theme16' where id = 1
success: (RP736) [2025-05-13 12:22:12] SELECT a.id, s.id 'subjectid', t.id 'teacherid', c.id 'courseid', c.course,c.major, c.`year`,a.`status` 'astatus', c.section, t.firstname, t.lastname, s.`subject`, s.`description`, a.date_createdd,a.date_modifieds  FROM assignment a LEFT join coursemajor c ON a.coursemajor = c.id LEFT join `subject` s ON a.`subject` = s.id LEFT join teachers t ON a.teacher = t.id WHERE  c.`status` = 1 and c.id = 1 ORDER BY c.course, c.major, c.`year`, c.section
success: (BULOA) [2025-05-13 12:22:18] SELECT * FROM coursemajor WHERE status = 1 order by course, major, year, section
success: (FR7IY) [2025-05-13 12:22:18] select * from theme where id = 1
success: (7OX9B) [2025-05-13 12:22:18] update theme set theme = 'theme16' where id = 1
success: (VHZUJ) [2025-05-13 12:22:22] SELECT s.id, s.`subject`,a.coursemajor, s.`description`, t.id 'teacherid', t.firstname, t.lastname, t.contact, a.date_createdd, a.`status` FROM assignment a, `subject` s, teachers t WHERE a.`subject` = s.id AND a.teacher = t.id and a.coursemajor = 1 order by s.`subject` asc
success: (DE2Q8) [2025-05-13 12:22:22] select * from quarter where status = 1 order by id desc
success: (VJL1W) [2025-05-13 12:22:27] SELECT u.id AS 'userid', u.firstname, u.lastname, u.middlename, u.username, u.phone, a.coursemajor, a.subject, a.teacher, g.subject AS 'gsubject', u.coursemajor AS 'gcoursemajor', g.student, g.grade, g.quarter FROM users u LEFT JOIN coursemajor c ON u.coursemajor = c.id LEFT JOIN assignment a ON c.id = a.coursemajor AND a.subject = 2 LEFT JOIN grades g ON u.id = g.student AND g.subject = 2 AND g.quarter = '1-mid' LEFT JOIN QUARTER q ON g.quarter = q.id WHERE u.type = 'student' AND u.status = 1 AND u.coursemajor = 1 ORDER BY u.lastname, u.firstname ASC;
