success: (U32D8) [2025-05-02 03:43:08] SELECT * FROM coursemajor WHERE status = 1 order by course, major, year, section
success: (IJ9PK) [2025-05-02 03:43:23] select * from users where username = 'tyronem@gmail.com' and password = 'password'
success: (SU9NZ) [2025-05-02 03:43:35] INSERT INTO login_logs (user, lat, `long`, device, location, date_log) VALUES ('TLM-1143137101', 10.169497, 122.858994, 'Mozilla/5.0 (Windows NT 10.0; Win64; x64) AppleWebKit/537.36 (KHTML, like Gecko) Chrome/135.0.0.0 Safari/537.36 Edg/135.0.0.0', 'Bakyas, Enclaro, Himamaylan, Negros Occidental, Negros Island Region, 6107, Pilipinas', '2025-05-02 03:43:35')
success: (6QEAR) [2025-05-02 03:43:37] select * from theme where id = 1
success: (39DTK) [2025-05-02 03:43:37] update theme set theme = 'theme2' where id = 1
success: (1OWPA) [2025-05-02 03:43:39] select * from teachers
success: (F5AE4) [2025-05-02 03:43:39] select * from theme where id = 1
success: (8QI95) [2025-05-02 03:43:39] update theme set theme = 'theme2' where id = 1
success: (ON2PA) [2025-05-02 03:43:42] SELECT u.id, u.username, u.`password`, u.firstname, u.lastname, u.middlename, u.birthdate,u.`status` 'userstat', u.phone, u.address,u.img, c.id 'cid', c.course,c.major,c.`year`,c.section,c.`status` FROM users u, coursemajor c WHERE u.coursemajor = c.id  and u.type = 'student' ORDER BY u.createdate desc 
success: (ZQBEF) [2025-05-02 03:43:42] select * from theme where id = 1
success: (QAI7C) [2025-05-02 03:43:43] update theme set theme = 'theme2' where id = 1
success: (T69UG) [2025-05-02 03:45:56] SELECT * FROM coursemajor WHERE status = 1 order by course, major, year, section
success: (EIWUP) [2025-05-02 03:45:56] select * from theme where id = 1
success: (WDRG1) [2025-05-02 03:45:56] update theme set theme = 'theme2' where id = 1
success: (IRWAK) [2025-05-02 03:46:00] SELECT s.id, s.`subject`,a.coursemajor, s.`description`, t.id 'teacherid', t.firstname, t.lastname, t.contact, a.date_createdd, a.`status` FROM assignment a, `subject` s, teachers t WHERE a.`subject` = s.id AND a.teacher = t.id and a.coursemajor = 1 order by s.`subject` asc
success: (A5QT7) [2025-05-02 03:46:02] SELECT u.id AS 'userid', u.firstname, u.lastname, u.middlename, u.username, u.phone, a.coursemajor, a.`subject`, a.teacher, g.`subject` AS 'gsubject', u.coursemajor AS 'gcoursemajor', g.student, g.grade FROM users u LEFT JOIN coursemajor c ON u.coursemajor = c.id LEFT JOIN assignment a ON c.id = a.coursemajor  AND a.subject = 1 LEFT JOIN grades g ON u.id = g.student AND g.subject = 1 WHERE u.`type` = 'student' AND u.status = 1 AND u.coursemajor =1 ORDER BY u.lastname, u.firstname ASC;
success: (TP9JD) [2025-05-02 08:49:00] select * from users where username = 'tyronem@gmail.com' and password = 'password'
success: (NAKMS) [2025-05-02 08:49:10] INSERT INTO login_logs (user, lat, `long`, device, location, date_log) VALUES ('TLM-1143137101', 10.18, 122.92, 'Mozilla/5.0 (Windows NT 10.0; Win64; x64) AppleWebKit/537.36 (KHTML, like Gecko) Chrome/135.0.0.0 Safari/537.36 Edg/135.0.0.0', 'Libacao National High School, Sawangan, Libacao, Himamaylan, Negros Occidental, Negros Island Region, 6108, Pilipinas', '2025-05-02 08:49:10')
success: (M6S5O) [2025-05-02 08:49:12] select * from theme where id = 1
success: (8C91J) [2025-05-02 08:49:12] update theme set theme = 'theme2' where id = 1
success: (3F4DK) [2025-05-02 08:49:18] select * from teachers
success: (KC87I) [2025-05-02 08:49:18] select * from theme where id = 1
success: (EVBN1) [2025-05-02 08:49:18] update theme set theme = 'theme2' where id = 1
success: (LMETD) [2025-05-02 08:49:46] select * from teachers
success: (XIAU3) [2025-05-02 08:49:46] select * from theme where id = 1
success: (2VSET) [2025-05-02 08:49:47] update theme set theme = 'theme2' where id = 1
success: (EFQXK) [2025-05-02 08:49:48] SELECT * FROM coursemajor WHERE status = 1 order by course, major, year, section
success: (UWIXO) [2025-05-02 08:49:49] select * from theme where id = 1
success: (LFCWN) [2025-05-02 08:49:49] update theme set theme = 'theme2' where id = 1
success: (F592E) [2025-05-02 09:06:18] SELECT * FROM coursemajor WHERE status = 1 order by course, major, year, section
success: (Y1DTU) [2025-05-02 09:06:19] select * from theme where id = 1
success: (HNMR2) [2025-05-02 09:06:19] update theme set theme = 'theme2' where id = 1
success: (5I743) [2025-05-02 09:06:49] SELECT * FROM coursemajor WHERE status = 1 order by course, major, year, section
success: (HCFKE) [2025-05-02 09:06:49] select * from theme where id = 1
success: (BQZC4) [2025-05-02 09:06:50] update theme set theme = 'theme2' where id = 1
success: (P172F) [2025-05-02 09:06:59] SELECT * FROM coursemajor WHERE status = 1 order by course, major, year, section
success: (G1K9Q) [2025-05-02 09:06:59] select * from theme where id = 1
success: (GBCQN) [2025-05-02 09:06:59] update theme set theme = 'theme2' where id = 1
success: (MJE5G) [2025-05-02 09:08:28] SELECT * FROM coursemajor WHERE status = 1 order by course, major, year, section
success: (JOMUS) [2025-05-02 09:08:28] select * from theme where id = 1
success: (Z1CNY) [2025-05-02 09:08:29] update theme set theme = 'theme2' where id = 1
success: (MW6JY) [2025-05-02 09:09:47] SELECT * FROM coursemajor WHERE status = 1 order by course, major, year, section
success: (CI63X) [2025-05-02 09:09:47] select * from theme where id = 1
success: (APSF6) [2025-05-02 09:09:48] update theme set theme = 'theme2' where id = 1
success: (PGIQL) [2025-05-02 09:10:10] SELECT * FROM coursemajor WHERE status = 1 order by course, major, year, section
success: (U1VAI) [2025-05-02 09:10:10] select * from theme where id = 1
success: (R9O2B) [2025-05-02 09:10:11] update theme set theme = 'theme2' where id = 1
success: (6VOSD) [2025-05-02 09:11:13] SELECT * FROM coursemajor WHERE status = 1 order by course, major, year, section
success: (GCB36) [2025-05-02 09:11:13] select * from theme where id = 1
success: (NPM71) [2025-05-02 09:11:14] update theme set theme = 'theme2' where id = 1
success: (IOGFP) [2025-05-02 09:11:15] SELECT a.id, s.id 'subjectid', t.id 'teacherid', c.id 'courseid', c.course,c.major, c.`year`, c.section, t.firstname, t.lastname, s.`subject`, a.date_createdd,a.date_modifieds  FROM assignment a, coursemajor c, `subject` s, teachers t WHERE a.`subject` = s.id AND a.teacher = t.id AND c.id = a.coursemajor AND a.`status` = 1 AND c.`status` = 1 and c.id = 2 ORDER BY c.course, c.major, c.`year`, c.section
success: (QCUWH) [2025-05-02 09:16:42] SELECT * FROM coursemajor WHERE status = 1 order by course, major, year, section
success: (SROHY) [2025-05-02 09:16:42] select * from theme where id = 1
success: (RTNHO) [2025-05-02 09:16:42] update theme set theme = 'theme2' where id = 1
success: (N3YWZ) [2025-05-02 09:16:50] SELECT a.id, s.id 'subjectid', t.id 'teacherid', c.id 'courseid', c.course,c.major, c.`year`, c.section, t.firstname, t.lastname, s.`subject`, s.`description`, a.date_createdd,a.date_modifieds  FROM assignment a, coursemajor c, `subject` s, teachers t WHERE a.`subject` = s.id AND a.teacher = t.id AND c.id = a.coursemajor AND a.`status` = 1 AND c.`status` = 1 and c.id = 1 ORDER BY c.course, c.major, c.`year`, c.section
success: (W65IB) [2025-05-02 09:16:57] SELECT a.id, s.id 'subjectid', t.id 'teacherid', c.id 'courseid', c.course,c.major, c.`year`, c.section, t.firstname, t.lastname, s.`subject`, s.`description`, a.date_createdd,a.date_modifieds  FROM assignment a, coursemajor c, `subject` s, teachers t WHERE a.`subject` = s.id AND a.teacher = t.id AND c.id = a.coursemajor AND a.`status` = 1 AND c.`status` = 1 and c.id = 2 ORDER BY c.course, c.major, c.`year`, c.section
success: (GC89N) [2025-05-02 09:16:59] SELECT a.id, s.id 'subjectid', t.id 'teacherid', c.id 'courseid', c.course,c.major, c.`year`, c.section, t.firstname, t.lastname, s.`subject`, s.`description`, a.date_createdd,a.date_modifieds  FROM assignment a, coursemajor c, `subject` s, teachers t WHERE a.`subject` = s.id AND a.teacher = t.id AND c.id = a.coursemajor AND a.`status` = 1 AND c.`status` = 1 and c.id = 3 ORDER BY c.course, c.major, c.`year`, c.section
success: (KOAHX) [2025-05-02 09:17:01] SELECT a.id, s.id 'subjectid', t.id 'teacherid', c.id 'courseid', c.course,c.major, c.`year`, c.section, t.firstname, t.lastname, s.`subject`, s.`description`, a.date_createdd,a.date_modifieds  FROM assignment a, coursemajor c, `subject` s, teachers t WHERE a.`subject` = s.id AND a.teacher = t.id AND c.id = a.coursemajor AND a.`status` = 1 AND c.`status` = 1 and c.id = 1 ORDER BY c.course, c.major, c.`year`, c.section
success: (2DPWQ) [2025-05-02 09:17:03] SELECT a.id, s.id 'subjectid', t.id 'teacherid', c.id 'courseid', c.course,c.major, c.`year`, c.section, t.firstname, t.lastname, s.`subject`, s.`description`, a.date_createdd,a.date_modifieds  FROM assignment a, coursemajor c, `subject` s, teachers t WHERE a.`subject` = s.id AND a.teacher = t.id AND c.id = a.coursemajor AND a.`status` = 1 AND c.`status` = 1 and c.id = 2 ORDER BY c.course, c.major, c.`year`, c.section
success: (MZ3HO) [2025-05-02 09:17:12] SELECT a.id, s.id 'subjectid', t.id 'teacherid', c.id 'courseid', c.course,c.major, c.`year`, c.section, t.firstname, t.lastname, s.`subject`, s.`description`, a.date_createdd,a.date_modifieds  FROM assignment a, coursemajor c, `subject` s, teachers t WHERE a.`subject` = s.id AND a.teacher = t.id AND c.id = a.coursemajor AND a.`status` = 1 AND c.`status` = 1 and c.id = 1 ORDER BY c.course, c.major, c.`year`, c.section
success: (OFLPX) [2025-05-02 09:17:47] SELECT a.id, s.id 'subjectid', t.id 'teacherid', c.id 'courseid', c.course,c.major, c.`year`, c.section, t.firstname, t.lastname, s.`subject`, s.`description`, a.date_createdd,a.date_modifieds  FROM assignment a, coursemajor c, `subject` s, teachers t WHERE a.`subject` = s.id AND a.teacher = t.id AND c.id = a.coursemajor AND a.`status` = 1 AND c.`status` = 1 and c.id = 4 ORDER BY c.course, c.major, c.`year`, c.section
success: (RQ7VY) [2025-05-02 09:17:49] SELECT a.id, s.id 'subjectid', t.id 'teacherid', c.id 'courseid', c.course,c.major, c.`year`, c.section, t.firstname, t.lastname, s.`subject`, s.`description`, a.date_createdd,a.date_modifieds  FROM assignment a, coursemajor c, `subject` s, teachers t WHERE a.`subject` = s.id AND a.teacher = t.id AND c.id = a.coursemajor AND a.`status` = 1 AND c.`status` = 1 and c.id = 1 ORDER BY c.course, c.major, c.`year`, c.section
success: (DAFWX) [2025-05-02 09:18:44] select * from teachers
success: (NSD2A) [2025-05-02 09:18:44] select * from theme where id = 1
success: (GHEFJ) [2025-05-02 09:18:45] update theme set theme = 'theme2' where id = 1
success: (93OKL) [2025-05-02 09:18:59] SELECT * FROM coursemajor WHERE status = 1 order by course, major, year, section
success: (OY491) [2025-05-02 09:18:59] select * from theme where id = 1
success: (Z9AWD) [2025-05-02 09:19:00] update theme set theme = 'theme2' where id = 1
success: (TU7N8) [2025-05-02 09:19:04] SELECT a.id, s.id 'subjectid', t.id 'teacherid', c.id 'courseid', c.course,c.major, c.`year`, c.section, t.firstname, t.lastname, s.`subject`, s.`description`, a.date_createdd,a.date_modifieds  FROM assignment a, coursemajor c, `subject` s, teachers t WHERE a.`subject` = s.id AND a.teacher = t.id AND c.id = a.coursemajor AND a.`status` = 1 AND c.`status` = 1 and c.id = 2 ORDER BY c.course, c.major, c.`year`, c.section
success: (9RMG7) [2025-05-02 09:19:06] SELECT a.id, s.id 'subjectid', t.id 'teacherid', c.id 'courseid', c.course,c.major, c.`year`, c.section, t.firstname, t.lastname, s.`subject`, s.`description`, a.date_createdd,a.date_modifieds  FROM assignment a, coursemajor c, `subject` s, teachers t WHERE a.`subject` = s.id AND a.teacher = t.id AND c.id = a.coursemajor AND a.`status` = 1 AND c.`status` = 1 and c.id = 1 ORDER BY c.course, c.major, c.`year`, c.section
success: (OFQRI) [2025-05-02 09:20:10] SELECT * FROM coursemajor WHERE status = 1 order by course, major, year, section
success: (MYGC8) [2025-05-02 09:20:10] select * from theme where id = 1
success: (XQICJ) [2025-05-02 09:20:11] update theme set theme = 'theme2' where id = 1
success: (O1J5G) [2025-05-02 09:20:18] SELECT a.id, s.id 'subjectid', t.id 'teacherid', c.id 'courseid', c.course,c.major, c.`year`, c.section, t.firstname, t.lastname, s.`subject`, s.`description`, a.date_createdd,a.date_modifieds  FROM assignment a, coursemajor c, `subject` s, teachers t WHERE a.`subject` = s.id AND a.teacher = t.id AND c.id = a.coursemajor AND a.`status` = 1 AND c.`status` = 1 and c.id = 1 ORDER BY c.course, c.major, c.`year`, c.section
success: (KA6BM) [2025-05-02 09:29:32] SELECT * FROM coursemajor WHERE status = 1 order by course, major, year, section
success: (DZ5PR) [2025-05-02 09:29:32] select * from theme where id = 1
success: (1OYWS) [2025-05-02 09:29:33] update theme set theme = 'theme2' where id = 1
success: (IXAKV) [2025-05-02 09:29:36] SELECT a.id, s.id 'subjectid', t.id 'teacherid', c.id 'courseid', c.course,c.major, c.`year`, c.section, t.firstname, t.lastname, s.`subject`, s.`description`, a.date_createdd,a.date_modifieds  FROM assignment a LEFT join coursemajor c ON a.coursemajor = c.id LEFT join `subject` s ON a.`subject` = s.id LEFT join teachers t ON a.teacher = t.id WHERE a.`status` = 1 AND c.`status` = 1 and c.id = 1 ORDER BY c.course, c.major, c.`year`, c.section
success: (DOG6J) [2025-05-02 09:31:02] SELECT * FROM coursemajor WHERE status = 1 order by course, major, year, section
success: (HM9Z8) [2025-05-02 09:31:02] select * from theme where id = 1
success: (RGUXS) [2025-05-02 09:31:03] update theme set theme = 'theme2' where id = 1
success: (L12AI) [2025-05-02 09:31:06] SELECT a.id, s.id 'subjectid', t.id 'teacherid', c.id 'courseid', c.course,c.major, c.`year`, c.section, t.firstname, t.lastname, s.`subject`, s.`description`, a.date_createdd,a.date_modifieds  FROM assignment a LEFT join coursemajor c ON a.coursemajor = c.id LEFT join `subject` s ON a.`subject` = s.id LEFT join teachers t ON a.teacher = t.id WHERE a.`status` = 1 AND c.`status` = 1 and c.id = 1 ORDER BY c.course, c.major, c.`year`, c.section
success: (7DH8Y) [2025-05-02 09:31:18] SELECT * FROM coursemajor WHERE status = 1 order by course, major, year, section
success: (BVPN2) [2025-05-02 09:31:18] select * from theme where id = 1
success: (QL34A) [2025-05-02 09:31:19] update theme set theme = 'theme2' where id = 1
success: (RJWQ4) [2025-05-02 09:31:23] SELECT a.id, s.id 'subjectid', t.id 'teacherid', c.id 'courseid', c.course,c.major, c.`year`, c.section, t.firstname, t.lastname, s.`subject`, s.`description`, a.date_createdd,a.date_modifieds  FROM assignment a LEFT join coursemajor c ON a.coursemajor = c.id LEFT join `subject` s ON a.`subject` = s.id LEFT join teachers t ON a.teacher = t.id WHERE a.`status` = 1 AND c.`status` = 1 and c.id = 1 ORDER BY c.course, c.major, c.`year`, c.section
success: (JESHU) [2025-05-02 09:32:41] SELECT * FROM coursemajor WHERE status = 1 order by course, major, year, section
success: (2KSUT) [2025-05-02 09:32:41] select * from theme where id = 1
success: (M72ZI) [2025-05-02 09:32:42] update theme set theme = 'theme2' where id = 1
success: (SNQEU) [2025-05-02 09:32:45] SELECT a.id, s.id 'subjectid', t.id 'teacherid', c.id 'courseid', c.course,c.major, c.`year`, c.section, t.firstname, t.lastname, s.`subject`, s.`description`, a.date_createdd,a.date_modifieds  FROM assignment a LEFT join coursemajor c ON a.coursemajor = c.id LEFT join `subject` s ON a.`subject` = s.id LEFT join teachers t ON a.teacher = t.id WHERE a.`status` = 1 AND c.`status` = 1 and c.id = 1 ORDER BY c.course, c.major, c.`year`, c.section
success: (JHURC) [2025-05-02 09:33:21] SELECT * FROM coursemajor WHERE status = 1 order by course, major, year, section
success: (FUK7H) [2025-05-02 09:33:21] select * from theme where id = 1
success: (HXYUS) [2025-05-02 09:33:22] update theme set theme = 'theme2' where id = 1
success: (JLCS8) [2025-05-02 09:33:24] SELECT a.id, s.id 'subjectid', t.id 'teacherid', c.id 'courseid', c.course,c.major, c.`year`, c.section, t.firstname, t.lastname, s.`subject`, s.`description`, a.date_createdd,a.date_modifieds  FROM assignment a LEFT join coursemajor c ON a.coursemajor = c.id LEFT join `subject` s ON a.`subject` = s.id LEFT join teachers t ON a.teacher = t.id WHERE a.`status` = 1 AND c.`status` = 1 and c.id = 1 ORDER BY c.course, c.major, c.`year`, c.section
success: (UYZJV) [2025-05-02 09:34:20] SELECT * FROM coursemajor WHERE status = 1 order by course, major, year, section
success: (M94LW) [2025-05-02 09:34:20] select * from theme where id = 1
success: (4HQC9) [2025-05-02 09:34:21] update theme set theme = 'theme2' where id = 1
success: (LSW7N) [2025-05-02 09:48:03] SELECT * FROM coursemajor WHERE status = 1 order by course, major, year, section
success: (ECG35) [2025-05-02 09:48:03] select * from theme where id = 1
success: (QLZXP) [2025-05-02 09:48:04] update theme set theme = 'theme2' where id = 1
success: (CZHS5) [2025-05-02 09:48:18] SELECT * FROM coursemajor WHERE status = 1 order by course, major, year, section
success: (U9WE8) [2025-05-02 09:48:18] select * from theme where id = 1
success: (WXAPI) [2025-05-02 09:48:19] update theme set theme = 'theme2' where id = 1
success: (QAKWE) [2025-05-02 09:48:53] SELECT a.id, s.id 'subjectid', t.id 'teacherid', c.id 'courseid', c.course,c.major, c.`year`, c.section, t.firstname, t.lastname, s.`subject`, s.`description`, a.date_createdd,a.date_modifieds  FROM assignment a LEFT join coursemajor c ON a.coursemajor = c.id LEFT join `subject` s ON a.`subject` = s.id LEFT join teachers t ON a.teacher = t.id WHERE a.`status` = 1 AND c.`status` = 1 and c.id = 1 ORDER BY c.course, c.major, c.`year`, c.section
success: (T6D2J) [2025-05-02 09:48:55] SELECT a.id, s.id 'subjectid', t.id 'teacherid', c.id 'courseid', c.course,c.major, c.`year`, c.section, t.firstname, t.lastname, s.`subject`, s.`description`, a.date_createdd,a.date_modifieds  FROM assignment a LEFT join coursemajor c ON a.coursemajor = c.id LEFT join `subject` s ON a.`subject` = s.id LEFT join teachers t ON a.teacher = t.id WHERE a.`status` = 1 AND c.`status` = 1 and c.id = 2 ORDER BY c.course, c.major, c.`year`, c.section
success: (QHU8Z) [2025-05-02 09:48:56] SELECT a.id, s.id 'subjectid', t.id 'teacherid', c.id 'courseid', c.course,c.major, c.`year`, c.section, t.firstname, t.lastname, s.`subject`, s.`description`, a.date_createdd,a.date_modifieds  FROM assignment a LEFT join coursemajor c ON a.coursemajor = c.id LEFT join `subject` s ON a.`subject` = s.id LEFT join teachers t ON a.teacher = t.id WHERE a.`status` = 1 AND c.`status` = 1 and c.id = 1 ORDER BY c.course, c.major, c.`year`, c.section
success: (C6UAB) [2025-05-02 09:48:58] SELECT a.id, s.id 'subjectid', t.id 'teacherid', c.id 'courseid', c.course,c.major, c.`year`, c.section, t.firstname, t.lastname, s.`subject`, s.`description`, a.date_createdd,a.date_modifieds  FROM assignment a LEFT join coursemajor c ON a.coursemajor = c.id LEFT join `subject` s ON a.`subject` = s.id LEFT join teachers t ON a.teacher = t.id WHERE a.`status` = 1 AND c.`status` = 1 and c.id = 2 ORDER BY c.course, c.major, c.`year`, c.section
success: (CZGPR) [2025-05-02 09:49:20] SELECT a.id, s.id 'subjectid', t.id 'teacherid', c.id 'courseid', c.course,c.major, c.`year`, c.section, t.firstname, t.lastname, s.`subject`, s.`description`, a.date_createdd,a.date_modifieds  FROM assignment a LEFT join coursemajor c ON a.coursemajor = c.id LEFT join `subject` s ON a.`subject` = s.id LEFT join teachers t ON a.teacher = t.id WHERE a.`status` = 1 AND c.`status` = 1 and c.id = 1 ORDER BY c.course, c.major, c.`year`, c.section
success: (F3KGO) [2025-05-02 09:49:25] SELECT a.id, s.id 'subjectid', t.id 'teacherid', c.id 'courseid', c.course,c.major, c.`year`, c.section, t.firstname, t.lastname, s.`subject`, s.`description`, a.date_createdd,a.date_modifieds  FROM assignment a LEFT join coursemajor c ON a.coursemajor = c.id LEFT join `subject` s ON a.`subject` = s.id LEFT join teachers t ON a.teacher = t.id WHERE a.`status` = 1 AND c.`status` = 1 and c.id = 2 ORDER BY c.course, c.major, c.`year`, c.section
success: (DAI45) [2025-05-02 09:49:34] INSERT INTO subject (subject, description) VALUES ('RDMS', 'Database 2')
success: (UT9Z3) [2025-05-02 09:49:34] INSERT INTO assignment (coursemajor, subject, date_createdd, date_modifieds, status) VALUES (2, NULL, '2025-05-02 09:49:34', '2025-05-02 09:49:34', 1)
success: (TYGXL) [2025-05-02 09:52:08] SELECT * FROM coursemajor WHERE status = 1 order by course, major, year, section
success: (S3KJX) [2025-05-02 09:52:08] select * from theme where id = 1
success: (4WX8H) [2025-05-02 09:52:08] update theme set theme = 'theme2' where id = 1
success: (GI6C9) [2025-05-02 09:52:13] SELECT a.id, s.id 'subjectid', t.id 'teacherid', c.id 'courseid', c.course,c.major, c.`year`, c.section, t.firstname, t.lastname, s.`subject`, s.`description`, a.date_createdd,a.date_modifieds  FROM assignment a LEFT join coursemajor c ON a.coursemajor = c.id LEFT join `subject` s ON a.`subject` = s.id LEFT join teachers t ON a.teacher = t.id WHERE a.`status` = 1 AND c.`status` = 1 and c.id = 1 ORDER BY c.course, c.major, c.`year`, c.section
success: (BQ7M5) [2025-05-02 09:52:15] SELECT a.id, s.id 'subjectid', t.id 'teacherid', c.id 'courseid', c.course,c.major, c.`year`, c.section, t.firstname, t.lastname, s.`subject`, s.`description`, a.date_createdd,a.date_modifieds  FROM assignment a LEFT join coursemajor c ON a.coursemajor = c.id LEFT join `subject` s ON a.`subject` = s.id LEFT join teachers t ON a.teacher = t.id WHERE a.`status` = 1 AND c.`status` = 1 and c.id = 2 ORDER BY c.course, c.major, c.`year`, c.section
success: (19PAZ) [2025-05-02 09:52:20] INSERT INTO subject (subject, description) VALUES ('RDMS', 'Database 2')
success: (31FOT) [2025-05-02 09:52:20] INSERT INTO assignment (coursemajor, subject, date_createdd, date_modifieds, status) VALUES (2, NULL, '2025-05-02 09:52:20', '2025-05-02 09:52:20', 1)
success: (7CMP8) [2025-05-02 09:52:43] INSERT INTO subject (subject, description) VALUES ('RDMS', 'Database 2')
success: (KAM6L) [2025-05-02 09:52:43] INSERT INTO assignment (coursemajor, subject, date_createdd, date_modifieds, status) VALUES (2, 6, '2025-05-02 09:52:43', '2025-05-02 09:52:43', 1)
success: (7PO6T) [2025-05-02 09:58:24] INSERT INTO subject (subject, description) VALUES ('RDMS', 'Database 2')
success: (Q2DT8) [2025-05-02 09:58:24] INSERT INTO assignment (coursemajor, subject, date_createdd, date_modifieds, status) VALUES (2, 7, '2025-05-02 09:58:24', '2025-05-02 09:58:24', 1)
success: (VBA4P) [2025-05-02 10:00:15] INSERT INTO subject (subject, description) VALUES ('RDMS', 'Database 2')
success: (M6BKD) [2025-05-02 10:00:16] INSERT INTO assignment (coursemajor, subject, date_createdd, date_modifieds, status) VALUES (2, 8, '2025-05-02 10:00:15', '2025-05-02 10:00:15', 1)
success: (MAJNG) [2025-05-02 10:00:29] SELECT * FROM coursemajor WHERE status = 1 order by course, major, year, section
success: (7N65D) [2025-05-02 10:00:29] select * from theme where id = 1
success: (T7G53) [2025-05-02 10:00:30] update theme set theme = 'theme2' where id = 1
success: (JQYXH) [2025-05-02 10:00:39] SELECT a.id, s.id 'subjectid', t.id 'teacherid', c.id 'courseid', c.course,c.major, c.`year`, c.section, t.firstname, t.lastname, s.`subject`, s.`description`, a.date_createdd,a.date_modifieds  FROM assignment a LEFT join coursemajor c ON a.coursemajor = c.id LEFT join `subject` s ON a.`subject` = s.id LEFT join teachers t ON a.teacher = t.id WHERE a.`status` = 1 AND c.`status` = 1 and c.id = 2 ORDER BY c.course, c.major, c.`year`, c.section
success: (KWJ39) [2025-05-02 10:00:43] INSERT INTO subject (subject, description) VALUES ('RDMS', 'Database 2')
success: (TS5LF) [2025-05-02 10:00:43] INSERT INTO assignment (coursemajor, subject, date_createdd, date_modifieds, status) VALUES (2, 9, '2025-05-02 10:00:43', '2025-05-02 10:00:43', 1)
success: (4E2QG) [2025-05-02 10:04:11] INSERT INTO subject (subject, description) VALUES ('RDMS', 'Database 2')
success: (IEVLP) [2025-05-02 10:04:11] INSERT INTO assignment (coursemajor, subject, date_createdd, date_modifieds, status) VALUES (2, 10, '2025-05-02 10:04:11', '2025-05-02 10:04:11', 1)
success: (1Y6PX) [2025-05-02 10:04:34] INSERT INTO subject (subject, description) VALUES ('RDMS', 'Database 2')
success: (4XNHA) [2025-05-02 10:07:07] INSERT INTO subject (subject, description) VALUES ('RDMS', 'Database 2')
error: (HA1PO) [2025-05-02 10:07:07] INSERT INTO assignment (coursemajors, subject, date_createdd, date_modifieds, status) VALUES (2, 12, '2025-05-02 10:07:07', '2025-05-02 10:07:07', 1)
success: (OT3LH) [2025-05-02 10:08:29] INSERT INTO subject (subject, description) VALUES ('RDMS', 'Database 2')
error: (SL3FY) [2025-05-02 10:08:29] INSERT INTO assignment (coursemajors, subject, date_createdd, date_modifieds, status) VALUES (2, 13, '2025-05-02 10:08:29', '2025-05-02 10:08:29', 1)
success: (JV527) [2025-05-02 10:18:47] INSERT INTO subject (subject, description) VALUES ('RDMS', 'Database 2')
error: (P9EN1) [2025-05-02 10:18:47] INSERT INTO assignment (coursemajors, subject, date_createdd, date_modifieds, status) VALUES (2, 14, '2025-05-02 10:18:47', '2025-05-02 10:18:47', 1)
success: (I29L6) [2025-05-02 10:19:06] INSERT INTO subject (subject, description) VALUES ('RDMS', 'Database 2')
error: (PYWC8) [2025-05-02 10:19:06] INSERT INTO assignment (coursemajors, subject, date_createdd, date_modifieds, status) VALUES (2, 15, '2025-05-02 10:19:06', '2025-05-02 10:19:06', 1)
success: (6S3ML) [2025-05-02 10:20:18] INSERT INTO subject (subject, description) VALUES ('RDMS', 'Database 2')
error: (NM36H) [2025-05-02 10:20:18] INSERT INTO assignment (coursemajors, subject, date_createdd, date_modifieds, status) VALUES (2, 16, '2025-05-02 10:20:18', '2025-05-02 10:20:18', 1)
success: (5DJ1V) [2025-05-02 10:21:45] INSERT INTO subject (subject, description) VALUES ('RDMS', 'Database 2')
success: (OKBI1) [2025-05-02 10:21:45] INSERT INTO assignment (coursemajor, subject, date_createdd, date_modifieds, status) VALUES (2, 17, '2025-05-02 10:21:45', '2025-05-02 10:21:45', 1)
success: (9XZUL) [2025-05-02 10:21:51] INSERT INTO subject (subject, description) VALUES ('RDMS', 'Database 2')
success: (GDFZS) [2025-05-02 10:21:51] INSERT INTO assignment (coursemajor, subject, date_createdd, date_modifieds, status) VALUES (2, 18, '2025-05-02 10:21:51', '2025-05-02 10:21:51', 1)
success: (NSU8T) [2025-05-02 10:22:07] INSERT INTO subject (subject, description) VALUES ('RDMS', 'Database 2')
success: (819HU) [2025-05-02 10:22:07] INSERT INTO assignment (coursemajor, subject, date_createdd, date_modifieds, status) VALUES (2, 19, '2025-05-02 10:22:07', '2025-05-02 10:22:07', 1)
success: (DO8GH) [2025-05-02 10:24:14] SELECT * FROM coursemajor WHERE status = 1 order by course, major, year, section
success: (7IT4S) [2025-05-02 10:24:14] select * from theme where id = 1
success: (VDQR6) [2025-05-02 10:24:15] update theme set theme = 'theme2' where id = 1
success: (CM45E) [2025-05-02 10:24:42] INSERT INTO subject (subject, description) VALUES ('English 1', 'basic english')
success: (VHFNT) [2025-05-02 10:24:42] INSERT INTO assignment (coursemajor, subject, date_createdd, date_modifieds, status) VALUES (4, 20, '2025-05-02 10:24:42', '2025-05-02 10:24:42', 1)
success: (79UDQ) [2025-05-02 10:28:04] SELECT * FROM coursemajor WHERE status = 1 order by course, major, year, section
success: (LQ39O) [2025-05-02 10:28:04] select * from theme where id = 1
success: (ZFY7S) [2025-05-02 10:28:05] update theme set theme = 'theme2' where id = 1
success: (82V9G) [2025-05-02 10:28:21] SELECT a.id, s.id 'subjectid', t.id 'teacherid', c.id 'courseid', c.course,c.major, c.`year`, c.section, t.firstname, t.lastname, s.`subject`, s.`description`, a.date_createdd,a.date_modifieds  FROM assignment a LEFT join coursemajor c ON a.coursemajor = c.id LEFT join `subject` s ON a.`subject` = s.id LEFT join teachers t ON a.teacher = t.id WHERE a.`status` = 1 AND c.`status` = 1 and c.id = 1 ORDER BY c.course, c.major, c.`year`, c.section
success: (WOTG5) [2025-05-02 10:28:22] SELECT a.id, s.id 'subjectid', t.id 'teacherid', c.id 'courseid', c.course,c.major, c.`year`, c.section, t.firstname, t.lastname, s.`subject`, s.`description`, a.date_createdd,a.date_modifieds  FROM assignment a LEFT join coursemajor c ON a.coursemajor = c.id LEFT join `subject` s ON a.`subject` = s.id LEFT join teachers t ON a.teacher = t.id WHERE a.`status` = 1 AND c.`status` = 1 and c.id = 4 ORDER BY c.course, c.major, c.`year`, c.section
success: (I134S) [2025-05-02 10:30:58] SELECT a.id, s.id 'subjectid', t.id 'teacherid', c.id 'courseid', c.course,c.major, c.`year`, c.section, t.firstname, t.lastname, s.`subject`, s.`description`, a.date_createdd,a.date_modifieds  FROM assignment a LEFT join coursemajor c ON a.coursemajor = c.id LEFT join `subject` s ON a.`subject` = s.id LEFT join teachers t ON a.teacher = t.id WHERE a.`status` = 1 AND c.`status` = 1 and c.id = 1 ORDER BY c.course, c.major, c.`year`, c.section
success: (FO1VP) [2025-05-02 10:31:01] SELECT a.id, s.id 'subjectid', t.id 'teacherid', c.id 'courseid', c.course,c.major, c.`year`, c.section, t.firstname, t.lastname, s.`subject`, s.`description`, a.date_createdd,a.date_modifieds  FROM assignment a LEFT join coursemajor c ON a.coursemajor = c.id LEFT join `subject` s ON a.`subject` = s.id LEFT join teachers t ON a.teacher = t.id WHERE a.`status` = 1 AND c.`status` = 1 and c.id = 4 ORDER BY c.course, c.major, c.`year`, c.section
success: (8GAOH) [2025-05-02 10:32:37] SELECT * FROM coursemajor WHERE status = 1 order by course, major, year, section
success: (K8EIN) [2025-05-02 10:32:37] select * from theme where id = 1
success: (YCHT6) [2025-05-02 10:32:38] update theme set theme = 'theme2' where id = 1
success: (EJOWP) [2025-05-02 10:33:02] SELECT * FROM coursemajor WHERE status = 1 order by course, major, year, section
success: (ATX4C) [2025-05-02 10:33:02] select * from theme where id = 1
success: (AMFSI) [2025-05-02 10:33:03] update theme set theme = 'theme2' where id = 1
success: (4DPLC) [2025-05-02 10:33:09] SELECT a.id, s.id 'subjectid', t.id 'teacherid', c.id 'courseid', c.course,c.major, c.`year`, c.section, t.firstname, t.lastname, s.`subject`, s.`description`, a.date_createdd,a.date_modifieds  FROM assignment a LEFT join coursemajor c ON a.coursemajor = c.id LEFT join `subject` s ON a.`subject` = s.id LEFT join teachers t ON a.teacher = t.id WHERE a.`status` = 1 AND c.`status` = 1 and c.id = 4 ORDER BY c.course, c.major, c.`year`, c.section
success: (XI8LH) [2025-05-02 10:33:11] SELECT a.id, s.id 'subjectid', t.id 'teacherid', c.id 'courseid', c.course,c.major, c.`year`, c.section, t.firstname, t.lastname, s.`subject`, s.`description`, a.date_createdd,a.date_modifieds  FROM assignment a LEFT join coursemajor c ON a.coursemajor = c.id LEFT join `subject` s ON a.`subject` = s.id LEFT join teachers t ON a.teacher = t.id WHERE a.`status` = 1 AND c.`status` = 1 and c.id = 1 ORDER BY c.course, c.major, c.`year`, c.section
success: (X8T7V) [2025-05-02 10:33:25] SELECT * FROM coursemajor WHERE status = 1 order by course, major, year, section
success: (9X68Q) [2025-05-02 10:33:25] select * from theme where id = 1
success: (5V1TP) [2025-05-02 10:33:26] update theme set theme = 'theme2' where id = 1
success: (GFTMA) [2025-05-02 10:33:33] SELECT a.id, s.id 'subjectid', t.id 'teacherid', c.id 'courseid', c.course,c.major, c.`year`, c.section, t.firstname, t.lastname, s.`subject`, s.`description`, a.date_createdd,a.date_modifieds  FROM assignment a LEFT join coursemajor c ON a.coursemajor = c.id LEFT join `subject` s ON a.`subject` = s.id LEFT join teachers t ON a.teacher = t.id WHERE a.`status` = 1 AND c.`status` = 1 and c.id = 4 ORDER BY c.course, c.major, c.`year`, c.section
success: (DUGHL) [2025-05-02 10:33:34] SELECT a.id, s.id 'subjectid', t.id 'teacherid', c.id 'courseid', c.course,c.major, c.`year`, c.section, t.firstname, t.lastname, s.`subject`, s.`description`, a.date_createdd,a.date_modifieds  FROM assignment a LEFT join coursemajor c ON a.coursemajor = c.id LEFT join `subject` s ON a.`subject` = s.id LEFT join teachers t ON a.teacher = t.id WHERE a.`status` = 1 AND c.`status` = 1 and c.id = 1 ORDER BY c.course, c.major, c.`year`, c.section
success: (GHD2Q) [2025-05-02 10:33:36] SELECT a.id, s.id 'subjectid', t.id 'teacherid', c.id 'courseid', c.course,c.major, c.`year`, c.section, t.firstname, t.lastname, s.`subject`, s.`description`, a.date_createdd,a.date_modifieds  FROM assignment a LEFT join coursemajor c ON a.coursemajor = c.id LEFT join `subject` s ON a.`subject` = s.id LEFT join teachers t ON a.teacher = t.id WHERE a.`status` = 1 AND c.`status` = 1 and c.id = 4 ORDER BY c.course, c.major, c.`year`, c.section
success: (HKM4Q) [2025-05-02 10:33:37] SELECT a.id, s.id 'subjectid', t.id 'teacherid', c.id 'courseid', c.course,c.major, c.`year`, c.section, t.firstname, t.lastname, s.`subject`, s.`description`, a.date_createdd,a.date_modifieds  FROM assignment a LEFT join coursemajor c ON a.coursemajor = c.id LEFT join `subject` s ON a.`subject` = s.id LEFT join teachers t ON a.teacher = t.id WHERE a.`status` = 1 AND c.`status` = 1 and c.id = 1 ORDER BY c.course, c.major, c.`year`, c.section
success: (EFXG4) [2025-05-02 10:35:58] SELECT * FROM coursemajor WHERE status = 1 order by course, major, year, section
success: (EN8QS) [2025-05-02 10:35:58] select * from theme where id = 1
success: (GZ85T) [2025-05-02 10:35:59] SELECT a.id, s.id 'subjectid', t.id 'teacherid', c.id 'courseid', c.course,c.major, c.`year`, c.section, t.firstname, t.lastname, s.`subject`, s.`description`, a.date_createdd,a.date_modifieds  FROM assignment a LEFT join coursemajor c ON a.coursemajor = c.id LEFT join `subject` s ON a.`subject` = s.id LEFT join teachers t ON a.teacher = t.id WHERE a.`status` = 1 AND c.`status` = 1 and c.id = 1 ORDER BY c.course, c.major, c.`year`, c.section
success: (WLBEZ) [2025-05-02 10:35:59] update theme set theme = 'theme2' where id = 1
success: (NBKCP) [2025-05-02 10:36:02] SELECT * FROM coursemajor WHERE status = 1 order by course, major, year, section
success: (4CFGS) [2025-05-02 10:36:02] select * from theme where id = 1
success: (QUJ23) [2025-05-02 10:36:03] SELECT a.id, s.id 'subjectid', t.id 'teacherid', c.id 'courseid', c.course,c.major, c.`year`, c.section, t.firstname, t.lastname, s.`subject`, s.`description`, a.date_createdd,a.date_modifieds  FROM assignment a LEFT join coursemajor c ON a.coursemajor = c.id LEFT join `subject` s ON a.`subject` = s.id LEFT join teachers t ON a.teacher = t.id WHERE a.`status` = 1 AND c.`status` = 1 and c.id = 1 ORDER BY c.course, c.major, c.`year`, c.section
success: (VZP2G) [2025-05-02 10:36:03] update theme set theme = 'theme2' where id = 1
success: (BC8IT) [2025-05-02 10:37:26] SELECT * FROM coursemajor WHERE status = 1 order by course, major, year, section
success: (49UNP) [2025-05-02 10:37:26] select * from theme where id = 1
success: (U9YM4) [2025-05-02 10:37:27] update theme set theme = 'theme2' where id = 1
success: (6SPZ1) [2025-05-02 10:37:35] SELECT * FROM coursemajor WHERE status = 1 order by course, major, year, section
success: (AFMKX) [2025-05-02 10:37:35] select * from theme where id = 1
success: (4EQCG) [2025-05-02 10:37:36] update theme set theme = 'theme2' where id = 1
success: (61H9X) [2025-05-02 10:37:38] SELECT a.id, s.id 'subjectid', t.id 'teacherid', c.id 'courseid', c.course,c.major, c.`year`, c.section, t.firstname, t.lastname, s.`subject`, s.`description`, a.date_createdd,a.date_modifieds  FROM assignment a LEFT join coursemajor c ON a.coursemajor = c.id LEFT join `subject` s ON a.`subject` = s.id LEFT join teachers t ON a.teacher = t.id WHERE a.`status` = 1 AND c.`status` = 1 and c.id = 4 ORDER BY c.course, c.major, c.`year`, c.section
success: (784FO) [2025-05-02 10:37:40] SELECT a.id, s.id 'subjectid', t.id 'teacherid', c.id 'courseid', c.course,c.major, c.`year`, c.section, t.firstname, t.lastname, s.`subject`, s.`description`, a.date_createdd,a.date_modifieds  FROM assignment a LEFT join coursemajor c ON a.coursemajor = c.id LEFT join `subject` s ON a.`subject` = s.id LEFT join teachers t ON a.teacher = t.id WHERE a.`status` = 1 AND c.`status` = 1 and c.id = 1 ORDER BY c.course, c.major, c.`year`, c.section
success: (DW9JT) [2025-05-02 10:37:42] SELECT a.id, s.id 'subjectid', t.id 'teacherid', c.id 'courseid', c.course,c.major, c.`year`, c.section, t.firstname, t.lastname, s.`subject`, s.`description`, a.date_createdd,a.date_modifieds  FROM assignment a LEFT join coursemajor c ON a.coursemajor = c.id LEFT join `subject` s ON a.`subject` = s.id LEFT join teachers t ON a.teacher = t.id WHERE a.`status` = 1 AND c.`status` = 1 and c.id = 4 ORDER BY c.course, c.major, c.`year`, c.section
success: (19DTE) [2025-05-02 10:37:43] SELECT a.id, s.id 'subjectid', t.id 'teacherid', c.id 'courseid', c.course,c.major, c.`year`, c.section, t.firstname, t.lastname, s.`subject`, s.`description`, a.date_createdd,a.date_modifieds  FROM assignment a LEFT join coursemajor c ON a.coursemajor = c.id LEFT join `subject` s ON a.`subject` = s.id LEFT join teachers t ON a.teacher = t.id WHERE a.`status` = 1 AND c.`status` = 1 and c.id = '' ORDER BY c.course, c.major, c.`year`, c.section
success: (52QB9) [2025-05-02 10:37:44] SELECT a.id, s.id 'subjectid', t.id 'teacherid', c.id 'courseid', c.course,c.major, c.`year`, c.section, t.firstname, t.lastname, s.`subject`, s.`description`, a.date_createdd,a.date_modifieds  FROM assignment a LEFT join coursemajor c ON a.coursemajor = c.id LEFT join `subject` s ON a.`subject` = s.id LEFT join teachers t ON a.teacher = t.id WHERE a.`status` = 1 AND c.`status` = 1 and c.id = 2 ORDER BY c.course, c.major, c.`year`, c.section
success: (MTZPH) [2025-05-02 10:37:45] SELECT a.id, s.id 'subjectid', t.id 'teacherid', c.id 'courseid', c.course,c.major, c.`year`, c.section, t.firstname, t.lastname, s.`subject`, s.`description`, a.date_createdd,a.date_modifieds  FROM assignment a LEFT join coursemajor c ON a.coursemajor = c.id LEFT join `subject` s ON a.`subject` = s.id LEFT join teachers t ON a.teacher = t.id WHERE a.`status` = 1 AND c.`status` = 1 and c.id = '' ORDER BY c.course, c.major, c.`year`, c.section
success: (NHCEP) [2025-05-02 10:37:49] SELECT a.id, s.id 'subjectid', t.id 'teacherid', c.id 'courseid', c.course,c.major, c.`year`, c.section, t.firstname, t.lastname, s.`subject`, s.`description`, a.date_createdd,a.date_modifieds  FROM assignment a LEFT join coursemajor c ON a.coursemajor = c.id LEFT join `subject` s ON a.`subject` = s.id LEFT join teachers t ON a.teacher = t.id WHERE a.`status` = 1 AND c.`status` = 1 and c.id = 2 ORDER BY c.course, c.major, c.`year`, c.section
success: (8DNGC) [2025-05-02 10:37:51] SELECT a.id, s.id 'subjectid', t.id 'teacherid', c.id 'courseid', c.course,c.major, c.`year`, c.section, t.firstname, t.lastname, s.`subject`, s.`description`, a.date_createdd,a.date_modifieds  FROM assignment a LEFT join coursemajor c ON a.coursemajor = c.id LEFT join `subject` s ON a.`subject` = s.id LEFT join teachers t ON a.teacher = t.id WHERE a.`status` = 1 AND c.`status` = 1 and c.id = '' ORDER BY c.course, c.major, c.`year`, c.section
success: (2EA56) [2025-05-02 10:37:52] SELECT a.id, s.id 'subjectid', t.id 'teacherid', c.id 'courseid', c.course,c.major, c.`year`, c.section, t.firstname, t.lastname, s.`subject`, s.`description`, a.date_createdd,a.date_modifieds  FROM assignment a LEFT join coursemajor c ON a.coursemajor = c.id LEFT join `subject` s ON a.`subject` = s.id LEFT join teachers t ON a.teacher = t.id WHERE a.`status` = 1 AND c.`status` = 1 and c.id = 1 ORDER BY c.course, c.major, c.`year`, c.section
success: (CNGLP) [2025-05-02 10:37:53] SELECT a.id, s.id 'subjectid', t.id 'teacherid', c.id 'courseid', c.course,c.major, c.`year`, c.section, t.firstname, t.lastname, s.`subject`, s.`description`, a.date_createdd,a.date_modifieds  FROM assignment a LEFT join coursemajor c ON a.coursemajor = c.id LEFT join `subject` s ON a.`subject` = s.id LEFT join teachers t ON a.teacher = t.id WHERE a.`status` = 1 AND c.`status` = 1 and c.id = '' ORDER BY c.course, c.major, c.`year`, c.section
success: (O53QF) [2025-05-02 10:37:55] SELECT a.id, s.id 'subjectid', t.id 'teacherid', c.id 'courseid', c.course,c.major, c.`year`, c.section, t.firstname, t.lastname, s.`subject`, s.`description`, a.date_createdd,a.date_modifieds  FROM assignment a LEFT join coursemajor c ON a.coursemajor = c.id LEFT join `subject` s ON a.`subject` = s.id LEFT join teachers t ON a.teacher = t.id WHERE a.`status` = 1 AND c.`status` = 1 and c.id = 4 ORDER BY c.course, c.major, c.`year`, c.section
success: (B42WA) [2025-05-02 10:37:58] SELECT a.id, s.id 'subjectid', t.id 'teacherid', c.id 'courseid', c.course,c.major, c.`year`, c.section, t.firstname, t.lastname, s.`subject`, s.`description`, a.date_createdd,a.date_modifieds  FROM assignment a LEFT join coursemajor c ON a.coursemajor = c.id LEFT join `subject` s ON a.`subject` = s.id LEFT join teachers t ON a.teacher = t.id WHERE a.`status` = 1 AND c.`status` = 1 and c.id = '' ORDER BY c.course, c.major, c.`year`, c.section
success: (VCYXL) [2025-05-02 10:38:00] SELECT a.id, s.id 'subjectid', t.id 'teacherid', c.id 'courseid', c.course,c.major, c.`year`, c.section, t.firstname, t.lastname, s.`subject`, s.`description`, a.date_createdd,a.date_modifieds  FROM assignment a LEFT join coursemajor c ON a.coursemajor = c.id LEFT join `subject` s ON a.`subject` = s.id LEFT join teachers t ON a.teacher = t.id WHERE a.`status` = 1 AND c.`status` = 1 and c.id = 1 ORDER BY c.course, c.major, c.`year`, c.section
success: (BOEQI) [2025-05-02 10:38:02] SELECT a.id, s.id 'subjectid', t.id 'teacherid', c.id 'courseid', c.course,c.major, c.`year`, c.section, t.firstname, t.lastname, s.`subject`, s.`description`, a.date_createdd,a.date_modifieds  FROM assignment a LEFT join coursemajor c ON a.coursemajor = c.id LEFT join `subject` s ON a.`subject` = s.id LEFT join teachers t ON a.teacher = t.id WHERE a.`status` = 1 AND c.`status` = 1 and c.id = 4 ORDER BY c.course, c.major, c.`year`, c.section
success: (VFHCR) [2025-05-02 10:39:54] SELECT * FROM coursemajor WHERE status = 1 order by course, major, year, section
success: (42LD6) [2025-05-02 10:39:54] select * from theme where id = 1
success: (4P5QO) [2025-05-02 10:39:55] update theme set theme = 'theme2' where id = 1
success: (SCT9E) [2025-05-02 10:40:26] SELECT * FROM coursemajor WHERE status = 1 order by course, major, year, section
success: (7G1VX) [2025-05-02 10:40:26] select * from theme where id = 1
success: (Q6FRL) [2025-05-02 10:40:27] update theme set theme = 'theme2' where id = 1
success: (W9DPL) [2025-05-02 10:40:33] SELECT * FROM coursemajor WHERE status = 1 order by course, major, year, section
success: (7VMKW) [2025-05-02 10:40:33] select * from theme where id = 1
success: (2G6XT) [2025-05-02 10:40:34] update theme set theme = 'theme2' where id = 1
success: (H7M81) [2025-05-02 10:40:44] SELECT * FROM coursemajor WHERE status = 1 order by course, major, year, section
success: (DMIJC) [2025-05-02 10:40:44] select * from theme where id = 1
success: (4KLH5) [2025-05-02 10:40:45] update theme set theme = 'theme2' where id = 1
success: (1HGKQ) [2025-05-02 10:40:59] SELECT * FROM coursemajor WHERE status = 1 order by course, major, year, section
success: (N5SQD) [2025-05-02 10:40:59] select * from theme where id = 1
success: (X9ZD7) [2025-05-02 10:41:00] update theme set theme = 'theme2' where id = 1
success: (YV49Q) [2025-05-02 10:41:12] SELECT * FROM coursemajor WHERE status = 1 order by course, major, year, section
success: (BRCWI) [2025-05-02 10:41:12] select * from theme where id = 1
success: (GB46Z) [2025-05-02 10:41:12] update theme set theme = 'theme2' where id = 1
success: (8K4B2) [2025-05-02 10:41:40] SELECT * FROM coursemajor WHERE status = 1 order by course, major, year, section
success: (HEU62) [2025-05-02 10:41:40] select * from theme where id = 1
success: (SZTLR) [2025-05-02 10:41:41] update theme set theme = 'theme2' where id = 1
success: (1VISE) [2025-05-02 10:41:54] SELECT * FROM coursemajor WHERE status = 1 order by course, major, year, section
success: (FXKPJ) [2025-05-02 10:41:54] select * from theme where id = 1
success: (6W3Z9) [2025-05-02 10:41:55] update theme set theme = 'theme2' where id = 1
success: (WAGRO) [2025-05-02 10:43:25] select * from theme where id = 1
success: (YDQ74) [2025-05-02 10:43:25] SELECT * FROM coursemajor WHERE status = 1 order by course, major, year, section
success: (F5QWU) [2025-05-02 10:43:26] update theme set theme = 'theme2' where id = 1
success: (T4WNI) [2025-05-02 10:43:36] SELECT a.id, s.id 'subjectid', t.id 'teacherid', c.id 'courseid', c.course,c.major, c.`year`, c.section, t.firstname, t.lastname, s.`subject`, s.`description`, a.date_createdd,a.date_modifieds  FROM assignment a LEFT join coursemajor c ON a.coursemajor = c.id LEFT join `subject` s ON a.`subject` = s.id LEFT join teachers t ON a.teacher = t.id WHERE a.`status` = 1 AND c.`status` = 1 and c.id = 4 ORDER BY c.course, c.major, c.`year`, c.section
success: (GRNAL) [2025-05-02 10:43:53] SELECT * FROM coursemajor WHERE status = 1 order by course, major, year, section
success: (DI3M5) [2025-05-02 10:43:53] select * from theme where id = 1
success: (H6PB3) [2025-05-02 10:43:54] update theme set theme = 'theme2' where id = 1
success: (DCGV8) [2025-05-02 10:43:59] SELECT a.id, s.id 'subjectid', t.id 'teacherid', c.id 'courseid', c.course,c.major, c.`year`, c.section, t.firstname, t.lastname, s.`subject`, s.`description`, a.date_createdd,a.date_modifieds  FROM assignment a LEFT join coursemajor c ON a.coursemajor = c.id LEFT join `subject` s ON a.`subject` = s.id LEFT join teachers t ON a.teacher = t.id WHERE a.`status` = 1 AND c.`status` = 1 and c.id = 4 ORDER BY c.course, c.major, c.`year`, c.section
success: (Z4WJM) [2025-05-02 10:46:22] INSERT INTO subject (subject, description) VALUES ('Communication', 'engcom')
success: (61WEU) [2025-05-02 10:46:22] INSERT INTO assignment (coursemajor, subject, date_createdd, date_modifieds, status) VALUES (4, 21, '2025-05-02 10:46:22', '2025-05-02 10:46:22', 1)
success: (STVEG) [2025-05-02 10:46:22] SELECT a.id, s.id 'subjectid', t.id 'teacherid', c.id 'courseid', c.course,c.major, c.`year`, c.section, t.firstname, t.lastname, s.`subject`, s.`description`, a.date_createdd,a.date_modifieds  FROM assignment a LEFT join coursemajor c ON a.coursemajor = c.id LEFT join `subject` s ON a.`subject` = s.id LEFT join teachers t ON a.teacher = t.id WHERE a.`status` = 1 AND c.`status` = 1 and c.id = 4 ORDER BY c.course, c.major, c.`year`, c.section
success: (UP716) [2025-05-02 11:49:26] SELECT * FROM coursemajor WHERE status = 1 order by course, major, year, section
success: (D931F) [2025-05-02 11:49:26] select * from theme where id = 1
success: (HT2IN) [2025-05-02 11:49:26] update theme set theme = 'theme2' where id = 1
success: (CRJH9) [2025-05-02 11:49:29] SELECT a.id, s.id 'subjectid', t.id 'teacherid', c.id 'courseid', c.course,c.major, c.`year`, c.section, t.firstname, t.lastname, s.`subject`, s.`description`, a.date_createdd,a.date_modifieds  FROM assignment a LEFT join coursemajor c ON a.coursemajor = c.id LEFT join `subject` s ON a.`subject` = s.id LEFT join teachers t ON a.teacher = t.id WHERE a.`status` = 1 AND c.`status` = 1 and c.id = 4 ORDER BY c.course, c.major, c.`year`, c.section
success: (BUJFK) [2025-05-02 11:50:19] SELECT * FROM coursemajor WHERE status = 1 order by course, major, year, section
success: (QCO4B) [2025-05-02 11:50:19] select * from theme where id = 1
success: (E6DAO) [2025-05-02 11:50:19] update theme set theme = 'theme2' where id = 1
success: (DPLU5) [2025-05-02 11:50:21] SELECT a.id, s.id 'subjectid', t.id 'teacherid', c.id 'courseid', c.course,c.major, c.`year`, c.section, t.firstname, t.lastname, s.`subject`, s.`description`, a.date_createdd,a.date_modifieds  FROM assignment a LEFT join coursemajor c ON a.coursemajor = c.id LEFT join `subject` s ON a.`subject` = s.id LEFT join teachers t ON a.teacher = t.id WHERE a.`status` = 1 AND c.`status` = 1 and c.id = 4 ORDER BY c.course, c.major, c.`year`, c.section
success: (2QL1C) [2025-05-02 11:50:39] SELECT * FROM coursemajor WHERE status = 1 order by course, major, year, section
success: (IET5O) [2025-05-02 11:50:39] select * from theme where id = 1
success: (6HM2O) [2025-05-02 11:50:39] update theme set theme = 'theme2' where id = 1
success: (89VHS) [2025-05-02 11:50:42] SELECT a.id, s.id 'subjectid', t.id 'teacherid', c.id 'courseid', c.course,c.major, c.`year`, c.section, t.firstname, t.lastname, s.`subject`, s.`description`, a.date_createdd,a.date_modifieds  FROM assignment a LEFT join coursemajor c ON a.coursemajor = c.id LEFT join `subject` s ON a.`subject` = s.id LEFT join teachers t ON a.teacher = t.id WHERE a.`status` = 1 AND c.`status` = 1 and c.id = 1 ORDER BY c.course, c.major, c.`year`, c.section
success: (XWQJS) [2025-05-02 11:51:44] SELECT * FROM coursemajor WHERE status = 1 order by course, major, year, section
success: (TUBNV) [2025-05-02 11:51:44] select * from theme where id = 1
success: (G8UNH) [2025-05-02 11:51:45] update theme set theme = 'theme2' where id = 1
success: (LCMRP) [2025-05-02 11:51:47] SELECT a.id, s.id 'subjectid', t.id 'teacherid', c.id 'courseid', c.course,c.major, c.`year`, c.section, t.firstname, t.lastname, s.`subject`, s.`description`, a.date_createdd,a.date_modifieds  FROM assignment a LEFT join coursemajor c ON a.coursemajor = c.id LEFT join `subject` s ON a.`subject` = s.id LEFT join teachers t ON a.teacher = t.id WHERE a.`status` = 1 AND c.`status` = 1 and c.id = 1 ORDER BY c.course, c.major, c.`year`, c.section
success: (15YPN) [2025-05-02 11:53:30] SELECT * FROM coursemajor WHERE status = 1 order by course, major, year, section
success: (3X2BU) [2025-05-02 11:53:30] select * from theme where id = 1
success: (H4M8A) [2025-05-02 11:53:31] update theme set theme = 'theme2' where id = 1
success: (UN83V) [2025-05-02 11:53:34] SELECT a.id, s.id 'subjectid', t.id 'teacherid', c.id 'courseid', c.course,c.major, c.`year`, c.section, t.firstname, t.lastname, s.`subject`, s.`description`, a.date_createdd,a.date_modifieds  FROM assignment a LEFT join coursemajor c ON a.coursemajor = c.id LEFT join `subject` s ON a.`subject` = s.id LEFT join teachers t ON a.teacher = t.id WHERE a.`status` = 1 AND c.`status` = 1 and c.id = 1 ORDER BY c.course, c.major, c.`year`, c.section
success: (CVY9T) [2025-05-02 11:53:48] SELECT * FROM coursemajor WHERE status = 1 order by course, major, year, section
success: (KNUZO) [2025-05-02 11:53:48] select * from theme where id = 1
success: (JCBWQ) [2025-05-02 11:53:49] update theme set theme = 'theme2' where id = 1
success: (W453M) [2025-05-02 11:53:52] SELECT a.id, s.id 'subjectid', t.id 'teacherid', c.id 'courseid', c.course,c.major, c.`year`, c.section, t.firstname, t.lastname, s.`subject`, s.`description`, a.date_createdd,a.date_modifieds  FROM assignment a LEFT join coursemajor c ON a.coursemajor = c.id LEFT join `subject` s ON a.`subject` = s.id LEFT join teachers t ON a.teacher = t.id WHERE a.`status` = 1 AND c.`status` = 1 and c.id = 1 ORDER BY c.course, c.major, c.`year`, c.section
success: (APYLQ) [2025-05-02 11:54:37] SELECT * FROM coursemajor WHERE status = 1 order by course, major, year, section
success: (AEJIP) [2025-05-02 11:54:37] select * from theme where id = 1
success: (EGVT5) [2025-05-02 11:54:37] update theme set theme = 'theme2' where id = 1
success: (6AWYH) [2025-05-02 11:54:40] SELECT a.id, s.id 'subjectid', t.id 'teacherid', c.id 'courseid', c.course,c.major, c.`year`, c.section, t.firstname, t.lastname, s.`subject`, s.`description`, a.date_createdd,a.date_modifieds  FROM assignment a LEFT join coursemajor c ON a.coursemajor = c.id LEFT join `subject` s ON a.`subject` = s.id LEFT join teachers t ON a.teacher = t.id WHERE a.`status` = 1 AND c.`status` = 1 and c.id = 1 ORDER BY c.course, c.major, c.`year`, c.section
success: (AHF86) [2025-05-02 11:56:43] SELECT * FROM coursemajor WHERE status = 1 order by course, major, year, section
success: (MZG75) [2025-05-02 11:56:43] select * from theme where id = 1
success: (SDPRC) [2025-05-02 11:56:44] update theme set theme = 'theme2' where id = 1
success: (GQRVF) [2025-05-02 11:56:45] SELECT a.id, s.id 'subjectid', t.id 'teacherid', c.id 'courseid', c.course,c.major, c.`year`, c.section, t.firstname, t.lastname, s.`subject`, s.`description`, a.date_createdd,a.date_modifieds  FROM assignment a LEFT join coursemajor c ON a.coursemajor = c.id LEFT join `subject` s ON a.`subject` = s.id LEFT join teachers t ON a.teacher = t.id WHERE a.`status` = 1 AND c.`status` = 1 and c.id = 2 ORDER BY c.course, c.major, c.`year`, c.section
