success: (QB2KU) [2025-05-01 17:11:04] SELECT * FROM coursemajor WHERE status = 1 order by course, major, year, section
success: (1OZXN) [2025-05-01 17:11:04] select * from theme where id = 1
success: (ARJSO) [2025-05-01 17:11:04] update theme set theme = 'theme2' where id = 1
success: (GB65I) [2025-05-01 17:11:09] SELECT s.id, s.`subject`,a.coursemajor, s.`description`, t.id 'teacherid', t.firstname, t.lastname, t.contact, a.date_createdd, a.`status` FROM assignment a, `subject` s, teachers t WHERE a.`subject` = s.id AND a.teacher = t.id and a.coursemajor = 4 order by s.`subject` asc
success: (ABSRO) [2025-05-01 17:11:11] SELECT s.id, s.`subject`,a.coursemajor, s.`description`, t.id 'teacherid', t.firstname, t.lastname, t.contact, a.date_createdd, a.`status` FROM assignment a, `subject` s, teachers t WHERE a.`subject` = s.id AND a.teacher = t.id and a.coursemajor = 1 order by s.`subject` asc
success: (GMCHD) [2025-05-01 17:11:13] SELECT u.id AS 'userid', u.firstname, u.lastname, u.middlename, u.username, u.phone, a.coursemajor, a.`subject`, a.teacher, g.`subject` AS 'gsubject', u.coursemajor AS 'gcoursemajor', g.student, g.grade FROM users u LEFT JOIN coursemajor c ON u.coursemajor = c.id LEFT JOIN assignment a ON c.id = a.coursemajor  AND a.subject = 1 LEFT JOIN grades g ON u.id = g.student AND g.subject = 1 WHERE u.`type` = 'student' AND u.status = 1 AND u.coursemajor =1 ORDER BY u.lastname, u.firstname ASC;
success: (QGJUB) [2025-05-01 17:15:19] SELECT s.id, s.`subject`,a.coursemajor, s.`description`, t.id 'teacherid', t.firstname, t.lastname, t.contact, a.date_createdd, a.`status` FROM assignment a, `subject` s, teachers t WHERE a.`subject` = s.id AND a.teacher = t.id and a.coursemajor = 4 order by s.`subject` asc
success: (LOMEW) [2025-05-01 17:15:22] SELECT u.id AS 'userid', u.firstname, u.lastname, u.middlename, u.username, u.phone, a.coursemajor, a.`subject`, a.teacher, g.`subject` AS 'gsubject', u.coursemajor AS 'gcoursemajor', g.student, g.grade FROM users u LEFT JOIN coursemajor c ON u.coursemajor = c.id LEFT JOIN assignment a ON c.id = a.coursemajor  AND a.subject = '' LEFT JOIN grades g ON u.id = g.student AND g.subject = '' WHERE u.`type` = 'student' AND u.status = 1 AND u.coursemajor =4 ORDER BY u.lastname, u.firstname ASC;
success: (Q78XN) [2025-05-01 17:15:25] SELECT s.id, s.`subject`,a.coursemajor, s.`description`, t.id 'teacherid', t.firstname, t.lastname, t.contact, a.date_createdd, a.`status` FROM assignment a, `subject` s, teachers t WHERE a.`subject` = s.id AND a.teacher = t.id and a.coursemajor = 3 order by s.`subject` asc
success: (CQTFG) [2025-05-01 17:15:28] SELECT u.id AS 'userid', u.firstname, u.lastname, u.middlename, u.username, u.phone, a.coursemajor, a.`subject`, a.teacher, g.`subject` AS 'gsubject', u.coursemajor AS 'gcoursemajor', g.student, g.grade FROM users u LEFT JOIN coursemajor c ON u.coursemajor = c.id LEFT JOIN assignment a ON c.id = a.coursemajor  AND a.subject = 1 LEFT JOIN grades g ON u.id = g.student AND g.subject = 1 WHERE u.`type` = 'student' AND u.status = 1 AND u.coursemajor =3 ORDER BY u.lastname, u.firstname ASC;
success: (JB46F) [2025-05-01 17:15:33] SELECT s.id, s.`subject`,a.coursemajor, s.`description`, t.id 'teacherid', t.firstname, t.lastname, t.contact, a.date_createdd, a.`status` FROM assignment a, `subject` s, teachers t WHERE a.`subject` = s.id AND a.teacher = t.id and a.coursemajor = 2 order by s.`subject` asc
success: (5DH3E) [2025-05-01 17:15:36] SELECT u.id AS 'userid', u.firstname, u.lastname, u.middlename, u.username, u.phone, a.coursemajor, a.`subject`, a.teacher, g.`subject` AS 'gsubject', u.coursemajor AS 'gcoursemajor', g.student, g.grade FROM users u LEFT JOIN coursemajor c ON u.coursemajor = c.id LEFT JOIN assignment a ON c.id = a.coursemajor  AND a.subject = 1 LEFT JOIN grades g ON u.id = g.student AND g.subject = 1 WHERE u.`type` = 'student' AND u.status = 1 AND u.coursemajor =2 ORDER BY u.lastname, u.firstname ASC;
success: (R4KEP) [2025-05-01 17:15:41] delete from grades where subject = 1 and student = 'TLM-0857289525'
success: (1CDS4) [2025-05-01 17:15:41] INSERT INTO grades (subject, student, grade) VALUES (1, 'TLM-0857289525', 88)
success: (Z97AD) [2025-05-01 17:15:47] SELECT u.id AS 'userid', u.firstname, u.lastname, u.middlename, u.username, u.phone, a.coursemajor, a.`subject`, a.teacher, g.`subject` AS 'gsubject', u.coursemajor AS 'gcoursemajor', g.student, g.grade FROM users u LEFT JOIN coursemajor c ON u.coursemajor = c.id LEFT JOIN assignment a ON c.id = a.coursemajor  AND a.subject = 1 LEFT JOIN grades g ON u.id = g.student AND g.subject = 1 WHERE u.`type` = 'student' AND u.status = 1 AND u.coursemajor =2 ORDER BY u.lastname, u.firstname ASC;
success: (E7WCK) [2025-05-01 17:16:08] delete from grades where subject = 1 and student = 'TLM-0857289525'
success: (EVHMX) [2025-05-01 17:16:08] INSERT INTO grades (subject, student, grade) VALUES (1, 'TLM-0857289525', 95)
success: (AKBZ1) [2025-05-01 17:17:08] delete from grades where subject = 1 and student = 'TLM-0857289525'
success: (X3H1R) [2025-05-01 17:17:08] INSERT INTO grades (subject, student, grade, status) VALUES (1, 'TLM-0857289525', 96, 1)
success: (4RN92) [2025-05-01 17:47:55] SELECT * FROM coursemajor WHERE status = 1 order by course, major, year, section
success: (S6GNJ) [2025-05-01 17:47:55] select * from theme where id = 1
success: (BZQJP) [2025-05-01 17:47:55] update theme set theme = 'theme2' where id = 1
success: (YXCH3) [2025-05-01 17:58:20] SELECT * FROM coursemajor WHERE status = 1 order by course, major, year, section
success: (9BMPO) [2025-05-01 17:58:37] SELECT * FROM coursemajor WHERE status = 1 order by course, major, year, section
success: (QG9MA) [2025-05-01 17:58:37] select * from theme where id = 1
success: (HMNGD) [2025-05-01 17:58:38] update theme set theme = 'theme2' where id = 1
success: (BVT79) [2025-05-01 17:58:49] SELECT s.id, s.`subject`,a.coursemajor, s.`description`, t.id 'teacherid', t.firstname, t.lastname, t.contact, a.date_createdd, a.`status` FROM assignment a, `subject` s, teachers t WHERE a.`subject` = s.id AND a.teacher = t.id and a.coursemajor = 1 order by s.`subject` asc
success: (3G92F) [2025-05-01 17:58:51] SELECT u.id AS 'userid', u.firstname, u.lastname, u.middlename, u.username, u.phone, a.coursemajor, a.`subject`, a.teacher, g.`subject` AS 'gsubject', u.coursemajor AS 'gcoursemajor', g.student, g.grade FROM users u LEFT JOIN coursemajor c ON u.coursemajor = c.id LEFT JOIN assignment a ON c.id = a.coursemajor  AND a.subject = 2 LEFT JOIN grades g ON u.id = g.student AND g.subject = 2 WHERE u.`type` = 'student' AND u.status = 1 AND u.coursemajor =1 ORDER BY u.lastname, u.firstname ASC;
success: (X65T3) [2025-05-01 17:59:51] delete from grades where subject = 2 and student = 'TLM-0857289526'
success: (QW9BU) [2025-05-01 17:59:51] INSERT INTO grades (subject, student, grade, status) VALUES (2, 'TLM-0857289526', 78, 1)
success: (J13WD) [2025-05-01 18:00:03] delete from grades where subject = 2 and student = 'TLM-0857289526'
success: (AXDRP) [2025-05-01 18:00:03] INSERT INTO grades (subject, student, grade, status) VALUES (2, 'TLM-0857289526', 79, 1)
success: (LKCW4) [2025-05-01 18:00:14] delete from grades where subject = 2 and student = 'TLM-0857289526'
success: (CFK7D) [2025-05-01 18:00:14] INSERT INTO grades (subject, student, grade, status) VALUES (2, 'TLM-0857289526', 79, 1)
success: (OZNLT) [2025-05-01 18:00:17] delete from grades where subject = 2 and student = 'TLM-1143137102'
success: (HSNM6) [2025-05-01 18:00:17] INSERT INTO grades (subject, student, grade, status) VALUES (2, 'TLM-1143137102', 98, 1)
success: (RWLH5) [2025-05-01 18:00:30] delete from grades where subject = 2 and student = 'TLM-1143137102'
success: (IPM4V) [2025-05-01 18:00:30] INSERT INTO grades (subject, student, grade, status) VALUES (2, 'TLM-1143137102', 98, 1)
success: (4NZUD) [2025-05-01 18:00:34] SELECT u.id AS 'userid', u.firstname, u.lastname, u.middlename, u.username, u.phone, a.coursemajor, a.`subject`, a.teacher, g.`subject` AS 'gsubject', u.coursemajor AS 'gcoursemajor', g.student, g.grade FROM users u LEFT JOIN coursemajor c ON u.coursemajor = c.id LEFT JOIN assignment a ON c.id = a.coursemajor  AND a.subject = 1 LEFT JOIN grades g ON u.id = g.student AND g.subject = 1 WHERE u.`type` = 'student' AND u.status = 1 AND u.coursemajor =1 ORDER BY u.lastname, u.firstname ASC;
