success: (ZT8VN) [2025-05-06 06:18:34] select * from users where username = 'tyrone@gmail.com' and password = 'exampleValue'
success: (APZE2) [2025-05-06 06:52:21] select * from users where username = 'tyronem@gmail.com' and password = 'password'
success: (8JT9N) [2025-05-06 06:52:41] select * from users where username = 'tyronem@gmail.com' and password = 'password1'
success: (VZBWU) [2025-05-06 06:55:52] select * from users where username = 'tyronem@gmail.com' and password = 'password1'
success: (CGORJ) [2025-05-06 06:58:41] select * from users where username = 'tyronem@gmail.com' and password = 'password1'
success: (ZDUBT) [2025-05-06 06:59:09] select * from users where username = 'tyronem@gmail.com' and password = 'password1'
success: (BMZUI) [2025-05-06 06:59:38] select * from users where username = 'tyronem@gmail.com' and password = 'password1'
success: (T5KRJ) [2025-05-06 07:00:12] select * from users where username = 'tyronem@gmail.com' and password = 'password1'
success: (JMNQP) [2025-05-06 07:00:41] select * from users where username = 'tyronem@gmail.com' and password = 'password1'
success: (4SRXP) [2025-05-06 07:01:50] select * from users where username = 'tyronem@gmail.com' and password = 'password1'
success: (XW62G) [2025-05-06 07:04:05] select * from users where username = 'yro@gmail.com' and password = 'sdasd'
success: (XZS65) [2025-05-06 07:04:42] select * from users where username = 'tyronem@gmail.com' and password = 'password'
success: (RMPSY) [2025-05-06 07:04:48] select * from users where username = 'tyronem@gmail.com' and password = 'passwor'
success: (AHJ15) [2025-05-06 07:16:53] select * from users where username = 'tyronem@gmail.com' and password = 'pasword'
success: (WAT7O) [2025-05-06 07:27:50] select * from users where username = 'tyronem@gmail.com' and password = 'pasword'
success: (8DT35) [2025-05-06 07:27:58] select * from users where username = 'tyronem@gmail.com' and password = 'password'
success: (NL2HA) [2025-05-06 07:34:28] select * from users where username = 'tyronem@gmail.com' and password = 'password'
success: (T9X8F) [2025-05-06 07:35:02] select * from users where username = 'tyronem@gmail.com' and password = 'password'
success: (8MZXR) [2025-05-06 08:56:43] select * from users where username = 'tyronem@gmail.com' and password = 'password'
success: (LC93S) [2025-05-06 09:07:49] select * from users where username = 'tyronem@gmail.com' and password = 'passsword'
success: (7CE62) [2025-05-06 09:07:54] select * from users where username = 'tyronem@gmail.com' and password = 'password'
success: (ZXQYS) [2025-05-06 09:08:40] select * from users where username = 'tyronem@gmail.com' and password = 'password'
success: (N3BSH) [2025-05-06 09:09:40] select * from users where username = 'tyronem@gmail.com' and password = 'password'
success: (EUL1M) [2025-05-06 09:11:24] select * from users where username = 'tyronem@gmail.com' and password = 'password'
success: (WVCAG) [2025-05-06 09:11:56] select * from users where username = 'tyronem@gmail.com' and password = 'password'
success: (ZDEGL) [2025-05-06 09:13:22] select * from users where username = 'tyronem@gmail.com' and password = 'password'
success: (HFLJV) [2025-05-06 09:14:49] select * from users where username = 'tyronem@gmail.com' and password = 'password'
success: (VFCYQ) [2025-05-06 09:19:39] select * from users where username = 'tyronem@gmail.com' and password = 'password'
success: (AUDNT) [2025-05-06 09:20:46] select * from users where username = 'tyronem@gmail.com' and password = 'password'
success: (AQD8W) [2025-05-06 09:21:24] select * from users where username = 'tyronem@gmail.com' and password = 'password'
success: (9J5BL) [2025-05-06 09:21:57] select * from users where username = 'tyronem@gmail.com' and password = 'password'
success: (ERS9H) [2025-05-06 09:23:30] select * from users where username = 'tyronem@gmail.com' and password = 'passwprd'
success: (XLR45) [2025-05-06 09:23:33] select * from users where username = 'tyronem@gmail.com' and password = 'passwprd'
success: (7NF2A) [2025-05-06 09:23:40] select * from users where username = 'tyronem@gmail.com' and password = 'password'
success: (9BYSV) [2025-05-06 09:24:24] select * from users where username = 'tyronem@gmail.com' and password = 'password'
success: (DYJ9F) [2025-05-06 09:25:04] select * from users where username = 'tyronem@gmail.com' and password = 'password'
success: (S3GFU) [2025-05-06 09:25:48] select * from users where username = 'tyronem@gmail.com' and password = 'password'
success: (4L52Y) [2025-05-06 09:37:10] select * from users where username = 'tyronem@gmail.com' and password = 'password'
success: (MFIE4) [2025-05-06 09:37:19] INSERT INTO login_logs (user, lat, `long`, device, location, date_log) VALUES ('TLM-1143137101', 10.18, 122.92, 'Manufacturer  
LENOVO Model  
82TT', 'Asia PH Negros Occidental Himamaylan', '2025-05-06 09:37:19')
success: (F96Q3) [2025-05-06 09:37:21] select * from theme where id = 1
success: (GDR7C) [2025-05-06 09:37:21] update theme set theme = 'theme2' where id = 1
success: (AUMBN) [2025-05-06 09:37:24] SELECT * FROM coursemajor WHERE status = 1 order by course, major, year, section
success: (TJH98) [2025-05-06 09:37:24] select * from theme where id = 1
success: (1V2IF) [2025-05-06 09:37:25] update theme set theme = 'theme2' where id = 1
success: (37YXU) [2025-05-06 09:37:27] SELECT * FROM coursemajor WHERE status = 1 order by course, major, year, section
success: (XC7HQ) [2025-05-06 09:37:27] select * from theme where id = 1
success: (4KHIP) [2025-05-06 09:37:27] update theme set theme = 'theme2' where id = 1
success: (I2GRK) [2025-05-06 09:37:32] SELECT s.id, s.`subject`,a.coursemajor, s.`description`, t.id 'teacherid', t.firstname, t.lastname, t.contact, a.date_createdd, a.`status` FROM assignment a, `subject` s, teachers t WHERE a.`subject` = s.id AND a.teacher = t.id and a.coursemajor = 1 order by s.`subject` asc
success: (XU4QE) [2025-05-06 09:37:35] SELECT u.id AS 'userid', u.firstname, u.lastname, u.middlename, u.username, u.phone, a.coursemajor, a.`subject`, a.teacher, g.`subject` AS 'gsubject', u.coursemajor AS 'gcoursemajor', g.student, g.grade FROM users u LEFT JOIN coursemajor c ON u.coursemajor = c.id LEFT JOIN assignment a ON c.id = a.coursemajor  AND a.subject = 2 LEFT JOIN grades g ON u.id = g.student AND g.subject = 2 WHERE u.`type` = 'student' AND u.status = 1 AND u.coursemajor =1 ORDER BY u.lastname, u.firstname ASC;
success: (7NRBE) [2025-05-06 09:44:26] SELECT * FROM coursemajor WHERE status = 1 order by course, major, year, section
success: (BGQKH) [2025-05-06 09:44:26] select * from theme where id = 1
success: (AZOWI) [2025-05-06 09:44:26] update theme set theme = 'theme2' where id = 1
success: (D8G2Q) [2025-05-06 09:46:36] SELECT s.id, s.`subject`,a.coursemajor, s.`description`, t.id 'teacherid', t.firstname, t.lastname, t.contact, a.date_createdd, a.`status` FROM assignment a, `subject` s, teachers t WHERE a.`subject` = s.id AND a.teacher = t.id and a.coursemajor = 1 order by s.`subject` asc
success: (6F5RG) [2025-05-06 09:46:37] select * from quarter where status = 1
success: (POG5H) [2025-05-06 09:47:55] SELECT * FROM coursemajor WHERE status = 1 order by course, major, year, section
success: (7SHK4) [2025-05-06 09:47:55] select * from theme where id = 1
success: (W8VQP) [2025-05-06 09:47:56] update theme set theme = 'theme2' where id = 1
success: (AH94F) [2025-05-06 09:48:00] SELECT s.id, s.`subject`,a.coursemajor, s.`description`, t.id 'teacherid', t.firstname, t.lastname, t.contact, a.date_createdd, a.`status` FROM assignment a, `subject` s, teachers t WHERE a.`subject` = s.id AND a.teacher = t.id and a.coursemajor = 1 order by s.`subject` asc
success: (6CF13) [2025-05-06 09:48:00] select * from quarter where status = 1
success: (NR5X1) [2025-05-06 09:48:09] SELECT u.id AS 'userid', u.firstname, u.lastname, u.middlename, u.username, u.phone, a.coursemajor, a.`subject`, a.teacher, g.`subject` AS 'gsubject', u.coursemajor AS 'gcoursemajor', g.student, g.grade FROM users u LEFT JOIN coursemajor c ON u.coursemajor = c.id LEFT JOIN assignment a ON c.id = a.coursemajor  AND a.subject = 2 LEFT JOIN grades g ON u.id = g.student AND g.subject = 2 AND g.quarter = '1-mid' WHERE u.`type` = 'student' AND u.status = 1 AND u.coursemajor =1 ORDER BY u.lastname, u.firstname ASC;
success: (AI3B7) [2025-05-06 09:48:16] SELECT u.id AS 'userid', u.firstname, u.lastname, u.middlename, u.username, u.phone, a.coursemajor, a.`subject`, a.teacher, g.`subject` AS 'gsubject', u.coursemajor AS 'gcoursemajor', g.student, g.grade FROM users u LEFT JOIN coursemajor c ON u.coursemajor = c.id LEFT JOIN assignment a ON c.id = a.coursemajor  AND a.subject = 2 LEFT JOIN grades g ON u.id = g.student AND g.subject = 2 AND g.quarter = '1-final' WHERE u.`type` = 'student' AND u.status = 1 AND u.coursemajor =1 ORDER BY u.lastname, u.firstname ASC;
success: (UGAMI) [2025-05-06 09:51:37] SELECT u.id AS 'userid', u.firstname, u.lastname, u.middlename, u.username, u.phone, a.coursemajor, a.`subject`, a.teacher, g.`subject` AS 'gsubject', u.coursemajor AS 'gcoursemajor', g.student, g.grade FROM users u LEFT JOIN coursemajor c ON u.coursemajor = c.id LEFT JOIN assignment a ON c.id = a.coursemajor  AND a.subject = 2 LEFT JOIN grades g ON u.id = g.student AND g.subject = 2 WHERE u.`type` = 'student' AND u.status = 1 AND u.coursemajor =1 AND g.quarter = '1-final' ORDER BY u.lastname, u.firstname ASC;
success: (VULF7) [2025-05-06 09:51:41] SELECT u.id AS 'userid', u.firstname, u.lastname, u.middlename, u.username, u.phone, a.coursemajor, a.`subject`, a.teacher, g.`subject` AS 'gsubject', u.coursemajor AS 'gcoursemajor', g.student, g.grade FROM users u LEFT JOIN coursemajor c ON u.coursemajor = c.id LEFT JOIN assignment a ON c.id = a.coursemajor  AND a.subject = 2 LEFT JOIN grades g ON u.id = g.student AND g.subject = 2 WHERE u.`type` = 'student' AND u.status = 1 AND u.coursemajor =1 AND g.quarter = '1-mid' ORDER BY u.lastname, u.firstname ASC;
success: (FGX18) [2025-05-06 09:53:38] SELECT u.id AS 'userid', u.firstname, u.lastname, u.middlename, u.username, u.phone, a.coursemajor, a.`subject`, a.teacher, g.`subject` AS 'gsubject', u.coursemajor AS 'gcoursemajor', g.student, g.grade FROM users u LEFT JOIN coursemajor c ON u.coursemajor = c.id LEFT JOIN assignment a ON c.id = a.coursemajor  AND a.subject = 2 LEFT JOIN grades g ON u.id = g.student AND g.subject = 2 WHERE u.`type` = 'student' AND u.status = 1 AND u.coursemajor =1 AND g.quarter = '' ORDER BY u.lastname, u.firstname ASC;
success: (M7YWI) [2025-05-06 09:53:43] SELECT u.id AS 'userid', u.firstname, u.lastname, u.middlename, u.username, u.phone, a.coursemajor, a.`subject`, a.teacher, g.`subject` AS 'gsubject', u.coursemajor AS 'gcoursemajor', g.student, g.grade FROM users u LEFT JOIN coursemajor c ON u.coursemajor = c.id LEFT JOIN assignment a ON c.id = a.coursemajor  AND a.subject = 2 LEFT JOIN grades g ON u.id = g.student AND g.subject = 2 WHERE u.`type` = 'student' AND u.status = 1 AND u.coursemajor =1 AND g.quarter = '1-mid' ORDER BY u.lastname, u.firstname ASC;
success: (GFKYB) [2025-05-06 09:53:46] SELECT u.id AS 'userid', u.firstname, u.lastname, u.middlename, u.username, u.phone, a.coursemajor, a.`subject`, a.teacher, g.`subject` AS 'gsubject', u.coursemajor AS 'gcoursemajor', g.student, g.grade FROM users u LEFT JOIN coursemajor c ON u.coursemajor = c.id LEFT JOIN assignment a ON c.id = a.coursemajor  AND a.subject = 2 LEFT JOIN grades g ON u.id = g.student AND g.subject = 2 WHERE u.`type` = 'student' AND u.status = 1 AND u.coursemajor =1 AND g.quarter = '1-final' ORDER BY u.lastname, u.firstname ASC;
success: (XW4PR) [2025-05-06 10:04:51] SELECT * FROM coursemajor WHERE status = 1 order by course, major, year, section
success: (XCM25) [2025-05-06 10:04:51] select * from theme where id = 1
success: (B7HUC) [2025-05-06 10:04:52] update theme set theme = 'theme2' where id = 1
success: (HX9ZM) [2025-05-06 10:04:54] SELECT s.id, s.`subject`,a.coursemajor, s.`description`, t.id 'teacherid', t.firstname, t.lastname, t.contact, a.date_createdd, a.`status` FROM assignment a, `subject` s, teachers t WHERE a.`subject` = s.id AND a.teacher = t.id and a.coursemajor = 1 order by s.`subject` asc
success: (C5A3D) [2025-05-06 10:04:54] select * from quarter where status = 1
success: (G32NL) [2025-05-06 10:04:59] SELECT u.id AS 'userid', u.firstname, u.lastname, u.middlename, u.username, u.phone, a.coursemajor, a.subject, a.teacher, g.subject AS 'gsubject', u.coursemajor AS 'gcoursemajor', g.student, g.grade FROM users u LEFT JOIN coursemajor c ON u.coursemajor = c.id LEFT JOIN assignment a ON c.id = a.coursemajor AND a.subject = 3 LEFT JOIN grades g ON u.id = g.student AND g.subject = 3 AND g.quarter = '1-final' LEFT JOIN QUARTER q ON g.quarter = q.id WHERE u.type = 'student' AND u.status = 1 AND u.coursemajor = 1 ORDER BY u.lastname, u.firstname ASC;
success: (5PEQG) [2025-05-06 10:05:03] SELECT u.id AS 'userid', u.firstname, u.lastname, u.middlename, u.username, u.phone, a.coursemajor, a.subject, a.teacher, g.subject AS 'gsubject', u.coursemajor AS 'gcoursemajor', g.student, g.grade FROM users u LEFT JOIN coursemajor c ON u.coursemajor = c.id LEFT JOIN assignment a ON c.id = a.coursemajor AND a.subject = 3 LEFT JOIN grades g ON u.id = g.student AND g.subject = 3 AND g.quarter = '1-mid' LEFT JOIN QUARTER q ON g.quarter = q.id WHERE u.type = 'student' AND u.status = 1 AND u.coursemajor = 1 ORDER BY u.lastname, u.firstname ASC;
success: (GOVRW) [2025-05-06 10:05:07] SELECT u.id AS 'userid', u.firstname, u.lastname, u.middlename, u.username, u.phone, a.coursemajor, a.subject, a.teacher, g.subject AS 'gsubject', u.coursemajor AS 'gcoursemajor', g.student, g.grade FROM users u LEFT JOIN coursemajor c ON u.coursemajor = c.id LEFT JOIN assignment a ON c.id = a.coursemajor AND a.subject = 3 LEFT JOIN grades g ON u.id = g.student AND g.subject = 3 AND g.quarter = '1-final' LEFT JOIN QUARTER q ON g.quarter = q.id WHERE u.type = 'student' AND u.status = 1 AND u.coursemajor = 1 ORDER BY u.lastname, u.firstname ASC;
success: (E8QWY) [2025-05-06 10:05:11] SELECT u.id AS 'userid', u.firstname, u.lastname, u.middlename, u.username, u.phone, a.coursemajor, a.subject, a.teacher, g.subject AS 'gsubject', u.coursemajor AS 'gcoursemajor', g.student, g.grade FROM users u LEFT JOIN coursemajor c ON u.coursemajor = c.id LEFT JOIN assignment a ON c.id = a.coursemajor AND a.subject = 2 LEFT JOIN grades g ON u.id = g.student AND g.subject = 2 AND g.quarter = '1-final' LEFT JOIN QUARTER q ON g.quarter = q.id WHERE u.type = 'student' AND u.status = 1 AND u.coursemajor = 1 ORDER BY u.lastname, u.firstname ASC;
success: (RYV8G) [2025-05-06 10:05:14] SELECT u.id AS 'userid', u.firstname, u.lastname, u.middlename, u.username, u.phone, a.coursemajor, a.subject, a.teacher, g.subject AS 'gsubject', u.coursemajor AS 'gcoursemajor', g.student, g.grade FROM users u LEFT JOIN coursemajor c ON u.coursemajor = c.id LEFT JOIN assignment a ON c.id = a.coursemajor AND a.subject = 2 LEFT JOIN grades g ON u.id = g.student AND g.subject = 2 AND g.quarter = '1-mid' LEFT JOIN QUARTER q ON g.quarter = q.id WHERE u.type = 'student' AND u.status = 1 AND u.coursemajor = 1 ORDER BY u.lastname, u.firstname ASC;
success: (VR9DG) [2025-05-06 10:05:20] SELECT s.id, s.`subject`,a.coursemajor, s.`description`, t.id 'teacherid', t.firstname, t.lastname, t.contact, a.date_createdd, a.`status` FROM assignment a, `subject` s, teachers t WHERE a.`subject` = s.id AND a.teacher = t.id and a.coursemajor = 4 order by s.`subject` asc
success: (6AD83) [2025-05-06 10:05:20] select * from quarter where status = 1
success: (BYHPR) [2025-05-06 10:05:23] SELECT u.id AS 'userid', u.firstname, u.lastname, u.middlename, u.username, u.phone, a.coursemajor, a.subject, a.teacher, g.subject AS 'gsubject', u.coursemajor AS 'gcoursemajor', g.student, g.grade FROM users u LEFT JOIN coursemajor c ON u.coursemajor = c.id LEFT JOIN assignment a ON c.id = a.coursemajor AND a.subject = 21 LEFT JOIN grades g ON u.id = g.student AND g.subject = 21 AND g.quarter = '1-mid' LEFT JOIN QUARTER q ON g.quarter = q.id WHERE u.type = 'student' AND u.status = 1 AND u.coursemajor = 4 ORDER BY u.lastname, u.firstname ASC;
success: (BTWMC) [2025-05-06 10:07:22] SELECT s.id, s.`subject`,a.coursemajor, s.`description`, t.id 'teacherid', t.firstname, t.lastname, t.contact, a.date_createdd, a.`status` FROM assignment a, `subject` s, teachers t WHERE a.`subject` = s.id AND a.teacher = t.id and a.coursemajor = 1 order by s.`subject` asc
success: (2WTJD) [2025-05-06 10:07:23] select * from quarter where status = 1
success: (MJ1DB) [2025-05-06 10:07:27] SELECT u.id AS 'userid', u.firstname, u.lastname, u.middlename, u.username, u.phone, a.coursemajor, a.subject, a.teacher, g.subject AS 'gsubject', u.coursemajor AS 'gcoursemajor', g.student, g.grade FROM users u LEFT JOIN coursemajor c ON u.coursemajor = c.id LEFT JOIN assignment a ON c.id = a.coursemajor AND a.subject = 3 LEFT JOIN grades g ON u.id = g.student AND g.subject = 3 AND g.quarter = '1-mid' LEFT JOIN QUARTER q ON g.quarter = q.id WHERE u.type = 'student' AND u.status = 1 AND u.coursemajor = 1 ORDER BY u.lastname, u.firstname ASC;
success: (ZURWX) [2025-05-06 10:08:58] SELECT * FROM coursemajor WHERE status = 1 order by course, major, year, section
success: (O6CSX) [2025-05-06 10:08:58] select * from theme where id = 1
success: (O5Y8I) [2025-05-06 10:08:58] update theme set theme = 'theme2' where id = 1
success: (1VCEY) [2025-05-06 10:09:13] SELECT s.id, s.`subject`,a.coursemajor, s.`description`, t.id 'teacherid', t.firstname, t.lastname, t.contact, a.date_createdd, a.`status` FROM assignment a, `subject` s, teachers t WHERE a.`subject` = s.id AND a.teacher = t.id and a.coursemajor = 2 order by s.`subject` asc
success: (MQ567) [2025-05-06 10:09:13] select * from quarter where status = 1
success: (J8LXI) [2025-05-06 10:09:15] SELECT s.id, s.`subject`,a.coursemajor, s.`description`, t.id 'teacherid', t.firstname, t.lastname, t.contact, a.date_createdd, a.`status` FROM assignment a, `subject` s, teachers t WHERE a.`subject` = s.id AND a.teacher = t.id and a.coursemajor = 1 order by s.`subject` asc
success: (BAH5I) [2025-05-06 10:09:15] select * from quarter where status = 1
success: (HKIOP) [2025-05-06 10:09:23] SELECT u.id AS 'userid', u.firstname, u.lastname, u.middlename, u.username, u.phone, a.coursemajor, a.subject, a.teacher, g.subject AS 'gsubject', u.coursemajor AS 'gcoursemajor', g.student, g.grade FROM users u LEFT JOIN coursemajor c ON u.coursemajor = c.id LEFT JOIN assignment a ON c.id = a.coursemajor AND a.subject = '' LEFT JOIN grades g ON u.id = g.student AND g.subject = '' AND g.quarter = '1-final' LEFT JOIN QUARTER q ON g.quarter = q.id WHERE u.type = 'student' AND u.status = 1 AND u.coursemajor = 1 ORDER BY u.lastname, u.firstname ASC;
success: (MRL5Z) [2025-05-06 10:15:38] SELECT * FROM coursemajor WHERE status = 1 order by course, major, year, section
success: (STWHA) [2025-05-06 10:15:38] select * from theme where id = 1
success: (JCHM8) [2025-05-06 10:15:39] update theme set theme = 'theme2' where id = 1
success: (DFEPH) [2025-05-06 10:15:42] SELECT s.id, s.`subject`,a.coursemajor, s.`description`, t.id 'teacherid', t.firstname, t.lastname, t.contact, a.date_createdd, a.`status` FROM assignment a, `subject` s, teachers t WHERE a.`subject` = s.id AND a.teacher = t.id and a.coursemajor = 1 order by s.`subject` asc
success: (TNB14) [2025-05-06 10:15:42] select * from quarter where status = 1
success: (WHNXF) [2025-05-06 10:15:45] SELECT u.id AS 'userid', u.firstname, u.lastname, u.middlename, u.username, u.phone, a.coursemajor, a.subject, a.teacher, g.subject, g.quarter AS 'gsubject', u.coursemajor AS 'gcoursemajor', g.student, g.grade FROM users u LEFT JOIN coursemajor c ON u.coursemajor = c.id LEFT JOIN assignment a ON c.id = a.coursemajor AND a.subject = 3 LEFT JOIN grades g ON u.id = g.student AND g.subject = 3 AND g.quarter = '1-final' LEFT JOIN QUARTER q ON g.quarter = q.id WHERE u.type = 'student' AND u.status = 1 AND u.coursemajor = 1 ORDER BY u.lastname, u.firstname ASC;
success: (QY2SH) [2025-05-06 10:16:53] SELECT u.id AS 'userid', u.firstname, u.lastname, u.middlename, u.username, u.phone, a.coursemajor, a.subject, a.teacher, g.subject AS 'gsubject', u.coursemajor AS 'gcoursemajor', g.student, g.grade, g.quarter FROM users u LEFT JOIN coursemajor c ON u.coursemajor = c.id LEFT JOIN assignment a ON c.id = a.coursemajor AND a.subject = 3 LEFT JOIN grades g ON u.id = g.student AND g.subject = 3 AND g.quarter = '1-final' LEFT JOIN QUARTER q ON g.quarter = q.id WHERE u.type = 'student' AND u.status = 1 AND u.coursemajor = 1 ORDER BY u.lastname, u.firstname ASC;
success: (1GYLE) [2025-05-06 10:18:04] SELECT u.id AS 'userid', u.firstname, u.lastname, u.middlename, u.username, u.phone, a.coursemajor, a.subject, a.teacher, g.subject AS 'gsubject', u.coursemajor AS 'gcoursemajor', g.student, g.grade, g.quarter FROM users u LEFT JOIN coursemajor c ON u.coursemajor = c.id LEFT JOIN assignment a ON c.id = a.coursemajor AND a.subject = 3 LEFT JOIN grades g ON u.id = g.student AND g.subject = 3 AND g.quarter = '1-mid' LEFT JOIN QUARTER q ON g.quarter = q.id WHERE u.type = 'student' AND u.status = 1 AND u.coursemajor = 1 ORDER BY u.lastname, u.firstname ASC;
success: (D167Y) [2025-05-06 10:18:06] delete from grades where subject = 3 and student = 'TLM-0857289524'
success: (V4ESP) [2025-05-06 10:18:06] INSERT INTO grades (subject, student, grade, status) VALUES (3, 'TLM-0857289524', 87, 1)
success: (GDB94) [2025-05-06 10:18:54] delete from grades where subject = 3 and student = 'TLM-0857289524'
success: (5NTMA) [2025-05-06 10:18:54] INSERT INTO grades (subject, student, grade, status) VALUES (3, 'TLM-0857289524', 87, 1)
success: (WBFV8) [2025-05-06 10:20:01] SELECT * FROM coursemajor WHERE status = 1 order by course, major, year, section
success: (8SOH6) [2025-05-06 10:20:01] select * from theme where id = 1
success: (CZXDS) [2025-05-06 10:20:01] update theme set theme = 'theme2' where id = 1
success: (OJXEH) [2025-05-06 10:20:05] SELECT s.id, s.`subject`,a.coursemajor, s.`description`, t.id 'teacherid', t.firstname, t.lastname, t.contact, a.date_createdd, a.`status` FROM assignment a, `subject` s, teachers t WHERE a.`subject` = s.id AND a.teacher = t.id and a.coursemajor = 2 order by s.`subject` asc
success: (TOHRV) [2025-05-06 10:20:05] select * from quarter where status = 1
success: (IL8VO) [2025-05-06 10:20:09] SELECT u.id AS 'userid', u.firstname, u.lastname, u.middlename, u.username, u.phone, a.coursemajor, a.subject, a.teacher, g.subject AS 'gsubject', u.coursemajor AS 'gcoursemajor', g.student, g.grade, g.quarter FROM users u LEFT JOIN coursemajor c ON u.coursemajor = c.id LEFT JOIN assignment a ON c.id = a.coursemajor AND a.subject = 1 LEFT JOIN grades g ON u.id = g.student AND g.subject = 1 AND g.quarter = '1-final' LEFT JOIN QUARTER q ON g.quarter = q.id WHERE u.type = 'student' AND u.status = 1 AND u.coursemajor = 2 ORDER BY u.lastname, u.firstname ASC;
success: (S3ZD8) [2025-05-06 11:57:46] SELECT u.id AS 'userid', u.firstname, u.lastname, u.middlename, u.username, u.phone, a.coursemajor, a.subject, a.teacher, g.subject AS 'gsubject', u.coursemajor AS 'gcoursemajor', g.student, g.grade, g.quarter FROM users u LEFT JOIN coursemajor c ON u.coursemajor = c.id LEFT JOIN assignment a ON c.id = a.coursemajor AND a.subject = 1 LEFT JOIN grades g ON u.id = g.student AND g.subject = 1 AND g.quarter = '1-final' LEFT JOIN QUARTER q ON g.quarter = q.id WHERE u.type = 'student' AND u.status = 1 AND u.coursemajor = 2 ORDER BY u.lastname, u.firstname ASC;
success: (F2SMZ) [2025-05-06 11:57:50] SELECT u.id AS 'userid', u.firstname, u.lastname, u.middlename, u.username, u.phone, a.coursemajor, a.subject, a.teacher, g.subject AS 'gsubject', u.coursemajor AS 'gcoursemajor', g.student, g.grade, g.quarter FROM users u LEFT JOIN coursemajor c ON u.coursemajor = c.id LEFT JOIN assignment a ON c.id = a.coursemajor AND a.subject = 19 LEFT JOIN grades g ON u.id = g.student AND g.subject = 19 AND g.quarter = '1-final' LEFT JOIN QUARTER q ON g.quarter = q.id WHERE u.type = 'student' AND u.status = 1 AND u.coursemajor = 2 ORDER BY u.lastname, u.firstname ASC;
success: (H5BDT) [2025-05-06 11:57:54] SELECT u.id AS 'userid', u.firstname, u.lastname, u.middlename, u.username, u.phone, a.coursemajor, a.subject, a.teacher, g.subject AS 'gsubject', u.coursemajor AS 'gcoursemajor', g.student, g.grade, g.quarter FROM users u LEFT JOIN coursemajor c ON u.coursemajor = c.id LEFT JOIN assignment a ON c.id = a.coursemajor AND a.subject = 19 LEFT JOIN grades g ON u.id = g.student AND g.subject = 19 AND g.quarter = '1-mid' LEFT JOIN QUARTER q ON g.quarter = q.id WHERE u.type = 'student' AND u.status = 1 AND u.coursemajor = 2 ORDER BY u.lastname, u.firstname ASC;
success: (RATXQ) [2025-05-06 11:57:58] SELECT u.id AS 'userid', u.firstname, u.lastname, u.middlename, u.username, u.phone, a.coursemajor, a.subject, a.teacher, g.subject AS 'gsubject', u.coursemajor AS 'gcoursemajor', g.student, g.grade, g.quarter FROM users u LEFT JOIN coursemajor c ON u.coursemajor = c.id LEFT JOIN assignment a ON c.id = a.coursemajor AND a.subject = 19 LEFT JOIN grades g ON u.id = g.student AND g.subject = 19 AND g.quarter = '1-final' LEFT JOIN QUARTER q ON g.quarter = q.id WHERE u.type = 'student' AND u.status = 1 AND u.coursemajor = 2 ORDER BY u.lastname, u.firstname ASC;
success: (CSDW4) [2025-05-06 11:58:16] delete from grades where subject = 19 and student = 'TLM-0857289525'
success: (7M45X) [2025-05-06 11:58:16] INSERT INTO grades (subject, student, grade, status) VALUES (19, 'TLM-0857289525', 45, 1)
success: (6JBC1) [2025-05-06 11:58:21] SELECT u.id AS 'userid', u.firstname, u.lastname, u.middlename, u.username, u.phone, a.coursemajor, a.subject, a.teacher, g.subject AS 'gsubject', u.coursemajor AS 'gcoursemajor', g.student, g.grade, g.quarter FROM users u LEFT JOIN coursemajor c ON u.coursemajor = c.id LEFT JOIN assignment a ON c.id = a.coursemajor AND a.subject = 19 LEFT JOIN grades g ON u.id = g.student AND g.subject = 19 AND g.quarter = '1-mid' LEFT JOIN QUARTER q ON g.quarter = q.id WHERE u.type = 'student' AND u.status = 1 AND u.coursemajor = 2 ORDER BY u.lastname, u.firstname ASC;
success: (OSKH7) [2025-05-06 11:58:24] SELECT u.id AS 'userid', u.firstname, u.lastname, u.middlename, u.username, u.phone, a.coursemajor, a.subject, a.teacher, g.subject AS 'gsubject', u.coursemajor AS 'gcoursemajor', g.student, g.grade, g.quarter FROM users u LEFT JOIN coursemajor c ON u.coursemajor = c.id LEFT JOIN assignment a ON c.id = a.coursemajor AND a.subject = 19 LEFT JOIN grades g ON u.id = g.student AND g.subject = 19 AND g.quarter = '1-final' LEFT JOIN QUARTER q ON g.quarter = q.id WHERE u.type = 'student' AND u.status = 1 AND u.coursemajor = 2 ORDER BY u.lastname, u.firstname ASC;
success: (DW2FZ) [2025-05-06 11:58:28] SELECT u.id AS 'userid', u.firstname, u.lastname, u.middlename, u.username, u.phone, a.coursemajor, a.subject, a.teacher, g.subject AS 'gsubject', u.coursemajor AS 'gcoursemajor', g.student, g.grade, g.quarter FROM users u LEFT JOIN coursemajor c ON u.coursemajor = c.id LEFT JOIN assignment a ON c.id = a.coursemajor AND a.subject = 19 LEFT JOIN grades g ON u.id = g.student AND g.subject = 19 AND g.quarter = '1-mid' LEFT JOIN QUARTER q ON g.quarter = q.id WHERE u.type = 'student' AND u.status = 1 AND u.coursemajor = 2 ORDER BY u.lastname, u.firstname ASC;
success: (WL2IX) [2025-05-06 11:58:32] delete from grades where subject = 19 and student = 'TLM-0857289525'
success: (GL4MV) [2025-05-06 11:58:32] INSERT INTO grades (subject, student, grade, status) VALUES (19, 'TLM-0857289525', 76, 1)
success: (XEJTY) [2025-05-06 11:58:37] SELECT u.id AS 'userid', u.firstname, u.lastname, u.middlename, u.username, u.phone, a.coursemajor, a.subject, a.teacher, g.subject AS 'gsubject', u.coursemajor AS 'gcoursemajor', g.student, g.grade, g.quarter FROM users u LEFT JOIN coursemajor c ON u.coursemajor = c.id LEFT JOIN assignment a ON c.id = a.coursemajor AND a.subject = 19 LEFT JOIN grades g ON u.id = g.student AND g.subject = 19 AND g.quarter = '1-final' LEFT JOIN QUARTER q ON g.quarter = q.id WHERE u.type = 'student' AND u.status = 1 AND u.coursemajor = 2 ORDER BY u.lastname, u.firstname ASC;
success: (AU2J9) [2025-05-06 11:58:40] SELECT u.id AS 'userid', u.firstname, u.lastname, u.middlename, u.username, u.phone, a.coursemajor, a.subject, a.teacher, g.subject AS 'gsubject', u.coursemajor AS 'gcoursemajor', g.student, g.grade, g.quarter FROM users u LEFT JOIN coursemajor c ON u.coursemajor = c.id LEFT JOIN assignment a ON c.id = a.coursemajor AND a.subject = 19 LEFT JOIN grades g ON u.id = g.student AND g.subject = 19 AND g.quarter = '1-mid' LEFT JOIN QUARTER q ON g.quarter = q.id WHERE u.type = 'student' AND u.status = 1 AND u.coursemajor = 2 ORDER BY u.lastname, u.firstname ASC;
success: (XMK6F) [2025-05-06 12:01:19] SELECT * FROM coursemajor WHERE status = 1 order by course, major, year, section
success: (5O69Q) [2025-05-06 12:01:19] select * from theme where id = 1
success: (I69R1) [2025-05-06 12:01:20] update theme set theme = 'theme2' where id = 1
success: (ZWNGO) [2025-05-06 12:01:22] SELECT s.id, s.`subject`,a.coursemajor, s.`description`, t.id 'teacherid', t.firstname, t.lastname, t.contact, a.date_createdd, a.`status` FROM assignment a, `subject` s, teachers t WHERE a.`subject` = s.id AND a.teacher = t.id and a.coursemajor = 4 order by s.`subject` asc
success: (XE5LF) [2025-05-06 12:01:22] select * from quarter where status = 1
success: (J5BGQ) [2025-05-06 12:01:25] SELECT u.id AS 'userid', u.firstname, u.lastname, u.middlename, u.username, u.phone, a.coursemajor, a.subject, a.teacher, g.subject AS 'gsubject', u.coursemajor AS 'gcoursemajor', g.student, g.grade, g.quarter FROM users u LEFT JOIN coursemajor c ON u.coursemajor = c.id LEFT JOIN assignment a ON c.id = a.coursemajor AND a.subject = 21 LEFT JOIN grades g ON u.id = g.student AND g.subject = 21 AND g.quarter = '1-final' LEFT JOIN QUARTER q ON g.quarter = q.id WHERE u.type = 'student' AND u.status = 1 AND u.coursemajor = 4 ORDER BY u.lastname, u.firstname ASC;
success: (2O39Y) [2025-05-06 12:01:29] SELECT s.id, s.`subject`,a.coursemajor, s.`description`, t.id 'teacherid', t.firstname, t.lastname, t.contact, a.date_createdd, a.`status` FROM assignment a, `subject` s, teachers t WHERE a.`subject` = s.id AND a.teacher = t.id and a.coursemajor = 1 order by s.`subject` asc
success: (5PC97) [2025-05-06 12:01:29] select * from quarter where status = 1
success: (TWORG) [2025-05-06 12:01:32] SELECT u.id AS 'userid', u.firstname, u.lastname, u.middlename, u.username, u.phone, a.coursemajor, a.subject, a.teacher, g.subject AS 'gsubject', u.coursemajor AS 'gcoursemajor', g.student, g.grade, g.quarter FROM users u LEFT JOIN coursemajor c ON u.coursemajor = c.id LEFT JOIN assignment a ON c.id = a.coursemajor AND a.subject = 3 LEFT JOIN grades g ON u.id = g.student AND g.subject = 3 AND g.quarter = '1-final' LEFT JOIN QUARTER q ON g.quarter = q.id WHERE u.type = 'student' AND u.status = 1 AND u.coursemajor = 1 ORDER BY u.lastname, u.firstname ASC;
success: (WUI95) [2025-05-06 12:01:35] delete from grades where subject = 3 and student = 'TLM-0857289524' and quarter = NULL
success: (93ZYV) [2025-05-06 12:01:35] INSERT INTO grades (subject, student, grade, status, quarter) VALUES (3, 'TLM-0857289524', 70, 1, NULL)
success: (QXY6A) [2025-05-06 12:01:38] SELECT u.id AS 'userid', u.firstname, u.lastname, u.middlename, u.username, u.phone, a.coursemajor, a.subject, a.teacher, g.subject AS 'gsubject', u.coursemajor AS 'gcoursemajor', g.student, g.grade, g.quarter FROM users u LEFT JOIN coursemajor c ON u.coursemajor = c.id LEFT JOIN assignment a ON c.id = a.coursemajor AND a.subject = 3 LEFT JOIN grades g ON u.id = g.student AND g.subject = 3 AND g.quarter = '1-final' LEFT JOIN QUARTER q ON g.quarter = q.id WHERE u.type = 'student' AND u.status = 1 AND u.coursemajor = 1 ORDER BY u.lastname, u.firstname ASC;
success: (YVLU8) [2025-05-06 12:03:08] SELECT u.id AS 'userid', u.firstname, u.lastname, u.middlename, u.username, u.phone, a.coursemajor, a.subject, a.teacher, g.subject AS 'gsubject', u.coursemajor AS 'gcoursemajor', g.student, g.grade, g.quarter FROM users u LEFT JOIN coursemajor c ON u.coursemajor = c.id LEFT JOIN assignment a ON c.id = a.coursemajor AND a.subject = 3 LEFT JOIN grades g ON u.id = g.student AND g.subject = 3 AND g.quarter = '1-final' LEFT JOIN QUARTER q ON g.quarter = q.id WHERE u.type = 'student' AND u.status = 1 AND u.coursemajor = 1 ORDER BY u.lastname, u.firstname ASC;
success: (5IL4H) [2025-05-06 12:03:25] delete from grades where subject = 3 and student = 'TLM-0857289524' and quarter = NULL
success: (N712E) [2025-05-06 12:03:25] INSERT INTO grades (subject, student, grade, status, quarter) VALUES (3, 'TLM-0857289524', 87, 1, NULL)
success: (DF7V1) [2025-05-06 12:04:06] SELECT * FROM coursemajor WHERE status = 1 order by course, major, year, section
success: (P4Z8V) [2025-05-06 12:04:06] select * from theme where id = 1
success: (XL276) [2025-05-06 12:04:06] update theme set theme = 'theme2' where id = 1
success: (FSO71) [2025-05-06 12:04:09] SELECT s.id, s.`subject`,a.coursemajor, s.`description`, t.id 'teacherid', t.firstname, t.lastname, t.contact, a.date_createdd, a.`status` FROM assignment a, `subject` s, teachers t WHERE a.`subject` = s.id AND a.teacher = t.id and a.coursemajor = 1 order by s.`subject` asc
success: (Y3NBQ) [2025-05-06 12:04:09] select * from quarter where status = 1
success: (BPRXA) [2025-05-06 12:04:14] SELECT u.id AS 'userid', u.firstname, u.lastname, u.middlename, u.username, u.phone, a.coursemajor, a.subject, a.teacher, g.subject AS 'gsubject', u.coursemajor AS 'gcoursemajor', g.student, g.grade, g.quarter FROM users u LEFT JOIN coursemajor c ON u.coursemajor = c.id LEFT JOIN assignment a ON c.id = a.coursemajor AND a.subject = 2 LEFT JOIN grades g ON u.id = g.student AND g.subject = 2 AND g.quarter = '1-final' LEFT JOIN QUARTER q ON g.quarter = q.id WHERE u.type = 'student' AND u.status = 1 AND u.coursemajor = 1 ORDER BY u.lastname, u.firstname ASC;
success: (ARQUS) [2025-05-06 12:04:17] delete from grades where subject = 2 and student = 'TLM-0857289524' and quarter = '1-final'
success: (QSO1V) [2025-05-06 12:04:17] INSERT INTO grades (subject, student, grade, status, quarter) VALUES (2, 'TLM-0857289524', 78, 1, '1-final')
success: (TM5CL) [2025-05-06 12:04:23] SELECT u.id AS 'userid', u.firstname, u.lastname, u.middlename, u.username, u.phone, a.coursemajor, a.subject, a.teacher, g.subject AS 'gsubject', u.coursemajor AS 'gcoursemajor', g.student, g.grade, g.quarter FROM users u LEFT JOIN coursemajor c ON u.coursemajor = c.id LEFT JOIN assignment a ON c.id = a.coursemajor AND a.subject = 2 LEFT JOIN grades g ON u.id = g.student AND g.subject = 2 AND g.quarter = '1-final' LEFT JOIN QUARTER q ON g.quarter = q.id WHERE u.type = 'student' AND u.status = 1 AND u.coursemajor = 1 ORDER BY u.lastname, u.firstname ASC;
success: (FTL96) [2025-05-06 12:04:26] SELECT u.id AS 'userid', u.firstname, u.lastname, u.middlename, u.username, u.phone, a.coursemajor, a.subject, a.teacher, g.subject AS 'gsubject', u.coursemajor AS 'gcoursemajor', g.student, g.grade, g.quarter FROM users u LEFT JOIN coursemajor c ON u.coursemajor = c.id LEFT JOIN assignment a ON c.id = a.coursemajor AND a.subject = 2 LEFT JOIN grades g ON u.id = g.student AND g.subject = 2 AND g.quarter = '1-mid' LEFT JOIN QUARTER q ON g.quarter = q.id WHERE u.type = 'student' AND u.status = 1 AND u.coursemajor = 1 ORDER BY u.lastname, u.firstname ASC;
success: (TJ7KM) [2025-05-06 12:04:30] SELECT u.id AS 'userid', u.firstname, u.lastname, u.middlename, u.username, u.phone, a.coursemajor, a.subject, a.teacher, g.subject AS 'gsubject', u.coursemajor AS 'gcoursemajor', g.student, g.grade, g.quarter FROM users u LEFT JOIN coursemajor c ON u.coursemajor = c.id LEFT JOIN assignment a ON c.id = a.coursemajor AND a.subject = 2 LEFT JOIN grades g ON u.id = g.student AND g.subject = 2 AND g.quarter = '1-final' LEFT JOIN QUARTER q ON g.quarter = q.id WHERE u.type = 'student' AND u.status = 1 AND u.coursemajor = 1 ORDER BY u.lastname, u.firstname ASC;
success: (FJ5YL) [2025-05-06 12:18:51] select * from users where username = 'tyronem@gmail.com' and password = 'password'
success: (M1QYB) [2025-05-06 12:19:22] select * from users where username = 'tyronem@gmail.com' and password = 'password'
success: (ELANH) [2025-05-06 12:19:51] select * from users where username = 'tyronem@gmail.com' and password = 'password'
success: (9LRG4) [2025-05-06 12:21:37] select * from users where username = 'tyronem@gmail.com' and password = 'password'
success: (UGN26) [2025-05-06 12:23:20] select * from users where username = 'tyronem@gmail.com' and password = 'password'
success: (XEFPT) [2025-05-06 12:23:51] select * from users where username = 'tyronem@gmail.com' and password = 'password'
success: (6YW2Q) [2025-05-06 12:23:52] select firstname, lastname, middlename, phone, address from users where id = 'TLM-1143137101'
success: (3OE78) [2025-05-06 12:26:09] select * from users where username = 'tyronem@gmail.com' and password = 'password'
success: (5Q4OS) [2025-05-06 12:26:09] select firstname, lastname, middlename, phone, address from users where id = 'TLM-1143137101'
success: (E2WRH) [2025-05-06 12:29:10] select * from users where username = 'tyronem@gmail.com' and password = 'password'
success: (UYFHS) [2025-05-06 12:29:11] select firstname, lastname, middlename, phone, address from users where id = 'TLM-1143137101'
success: (QXCAT) [2025-05-06 12:30:01] select * from users where username = 'tyronem@gmail.com' and password = 'password'
success: (PXUNR) [2025-05-06 12:30:02] select firstname, lastname, middlename, phone, address from users where id = 'TLM-1143137101'
success: (3NL5R) [2025-05-06 12:36:30] select * from users where username = 'tyronem@gmail.com' and password = 'password'
success: (RIEN6) [2025-05-06 12:36:30] select firstname, lastname, middlename, phone, address from users where id = 'TLM-1143137101'
success: (DCNA8) [2025-05-06 12:37:31] select * from users where username = 'tyronem@gmail.com' and password = 'password'
success: (LUS8C) [2025-05-06 12:37:32] select firstname, lastname, middlename, phone, address from users where id = 'TLM-1143137101'
success: (WHUG8) [2025-05-06 12:37:55] select * from users where username = 'tyronem@gmail.com' and password = 'password'
success: (NMFHY) [2025-05-06 12:37:56] select firstname, lastname, middlename, phone, address from users where id = 'TLM-1143137101'
success: (H7AUC) [2025-05-06 12:39:01] select * from users where username = 'tyronem@gmail.com' and password = 'password'
success: (95WQ2) [2025-05-06 12:39:02] select firstname, lastname, middlename, phone, address from users where id = 'TLM-1143137101'
success: (ORW8Y) [2025-05-06 12:39:33] select * from users where username = 'tyronem@gmail.com' and password = 'password'
success: (3BDJC) [2025-05-06 12:39:34] select firstname, lastname, middlename, phone, address from users where id = 'TLM-1143137101'
success: (NUT1I) [2025-05-06 13:28:05] select * from users where username = 'tyronem@gmail.com' and password = 'passwoprd'
success: (RUVTL) [2025-05-06 13:36:59] select * from users where username = 'tyronem@gmail.com' and password = 'passwprd'
success: (J7KUL) [2025-05-06 13:37:05] select * from users where username = 'tyronem@gmail.com' and password = 'password'
success: (L3PT5) [2025-05-06 13:39:50] select * from users where username = 'tyrone2@gmail.comm' and password = 'dasdas'
success: (LOEF9) [2025-05-06 13:39:51] select firstname, lastname, middlename, phone, address from users where id = 'TLM-0857289526'
success: (PXHUB) [2025-05-06 13:41:14] select * from users where username = 'tyrone2@gmail.comm' and password = 'dasdas'
success: (54B9T) [2025-05-06 13:41:15] select firstname, lastname, middlename, phone, address from users where id = 'TLM-0857289526'
